2020-04-20 23:37:52,745 INFO o.a.j.u.JMeterUtils: Setting Locale to en_EN
2020-04-20 23:37:52,772 INFO o.a.j.JMeter: Loading user properties from: C:\Users\myper\.bzt\jmeter-taurus\5.2.1\bin\user.properties
2020-04-20 23:37:52,774 INFO o.a.j.JMeter: Loading system properties from: C:\Users\myper\.bzt\jmeter-taurus\5.2.1\bin\system.properties
2020-04-20 23:37:52,775 INFO o.a.j.JMeter: Loading additional properties from: C:\Repos\GitHub\jmeter\2020-04-20_23-37-41.984795\jmeter-bzt.properties
2020-04-20 23:37:52,785 INFO o.a.j.JMeter: Copyright (c) 1998-2019 The Apache Software Foundation
2020-04-20 23:37:52,785 INFO o.a.j.JMeter: Version 5.2.1
2020-04-20 23:37:52,786 INFO o.a.j.JMeter: java.version=1.8.0_251
2020-04-20 23:37:52,786 INFO o.a.j.JMeter: java.vm.name=Java HotSpot(TM) 64-Bit Server VM
2020-04-20 23:37:52,786 INFO o.a.j.JMeter: os.name=Windows 10
2020-04-20 23:37:52,786 INFO o.a.j.JMeter: os.arch=amd64
2020-04-20 23:37:52,786 INFO o.a.j.JMeter: os.version=10.0
2020-04-20 23:37:52,786 INFO o.a.j.JMeter: file.encoding=Cp1251
2020-04-20 23:37:52,786 INFO o.a.j.JMeter: java.awt.headless=true
2020-04-20 23:37:52,786 INFO o.a.j.JMeter: Max memory     =1073741824
2020-04-20 23:37:52,786 INFO o.a.j.JMeter: Available Processors =4
2020-04-20 23:37:52,794 INFO o.a.j.JMeter: Default Locale=English (EN)
2020-04-20 23:37:52,794 INFO o.a.j.JMeter: JMeter  Locale=English (EN)
2020-04-20 23:37:52,794 INFO o.a.j.JMeter: JMeterHome=C:\Users\myper\.bzt\jmeter-taurus\5.2.1
2020-04-20 23:37:52,794 INFO o.a.j.JMeter: user.dir  =C:\Repos\GitHub\jmeter
2020-04-20 23:37:52,795 INFO o.a.j.JMeter: PWD       =C:\Repos\GitHub\jmeter
2020-04-20 23:37:52,796 INFO o.a.j.JMeter: IP: 192.168.1.150 Name: DESKTOP-RVNENMJ FullName: DESKTOP-RVNENMJ
2020-04-20 23:37:52,796 INFO o.a.j.JMeter: user.classpath=C:/Repos/GitHub/jmeter/2020-04-20_23-37-41.984795;C:/Repos/GitHub/jmeter
2020-04-20 23:37:52,797 INFO o.a.j.JMeter: Adding to classpath and loader: C:/Repos/GitHub/jmeter/2020-04-20_23-37-41.984795
2020-04-20 23:37:52,798 INFO o.a.j.JMeter: Adding to classpath and loader: C:/Repos/GitHub/jmeter
2020-04-20 23:37:52,810 INFO o.a.j.s.FileServer: Default base='C:\Repos\GitHub\jmeter'
2020-04-20 23:37:52,822 INFO o.a.j.s.FileServer: Set new base='C:\Repos\GitHub\jmeter'
2020-04-20 23:37:53,050 INFO o.a.j.s.SaveService: Testplan (JMX) version: 2.2. Testlog (JTL) version: 2.2
2020-04-20 23:37:53,060 INFO o.a.j.s.SaveService: Using SaveService properties file encoding UTF-8
2020-04-20 23:37:53,070 INFO o.a.j.s.SaveService: Using SaveService properties version 5.0
2020-04-20 23:37:53,086 INFO o.a.j.s.SaveService: Loading file: C:\Repos\GitHub\jmeter\modified_atlasfinal-1.jmx
2020-04-20 23:37:53,189 INFO o.a.j.p.h.s.HTTPSamplerBase: Parser for text/html is org.apache.jmeter.protocol.http.parser.LagartoBasedHtmlParser
2020-04-20 23:37:53,190 INFO o.a.j.p.h.s.HTTPSamplerBase: Parser for application/xhtml+xml is org.apache.jmeter.protocol.http.parser.LagartoBasedHtmlParser
2020-04-20 23:37:53,190 INFO o.a.j.p.h.s.HTTPSamplerBase: Parser for application/xml is org.apache.jmeter.protocol.http.parser.LagartoBasedHtmlParser
2020-04-20 23:37:53,190 INFO o.a.j.p.h.s.HTTPSamplerBase: Parser for text/xml is org.apache.jmeter.protocol.http.parser.LagartoBasedHtmlParser
2020-04-20 23:37:53,190 INFO o.a.j.p.h.s.HTTPSamplerBase: Parser for text/vnd.wap.wml is org.apache.jmeter.protocol.http.parser.RegexpHTMLParser
2020-04-20 23:37:53,190 INFO o.a.j.p.h.s.HTTPSamplerBase: Parser for text/css is org.apache.jmeter.protocol.http.parser.CssParser
2020-04-20 23:37:53,431 INFO o.a.j.e.StandardJMeterEngine: Running the test!
2020-04-20 23:37:53,442 INFO o.a.j.s.SampleEvent: List of sample_variables: []
2020-04-20 23:37:53,442 INFO o.a.j.s.SampleEvent: List of sample_variables: []
2020-04-20 23:37:53,450 INFO o.a.j.e.u.CompoundVariable: Note: Function class names must contain the string: '.functions.'
2020-04-20 23:37:53,451 INFO o.a.j.e.u.CompoundVariable: Note: Function class names must not contain the string: '.gui.'
2020-04-20 23:37:58,077 INFO o.a.j.JMeter: Running test (1587407878077)
2020-04-20 23:37:58,129 INFO o.a.j.e.StandardJMeterEngine: Starting ThreadGroup: 1 : portal api
2020-04-20 23:37:58,129 INFO o.a.j.e.StandardJMeterEngine: Starting 80 threads for group portal api.
2020-04-20 23:37:58,130 INFO o.a.j.e.StandardJMeterEngine: Thread will continue on error
2020-04-20 23:37:58,130 INFO o.a.j.t.ThreadGroup: Starting thread group... number=1 threads=80 ramp-up=80 delayedStart=false
2020-04-20 23:37:58,230 INFO o.a.j.t.ThreadGroup: Started thread group number 1
2020-04-20 23:37:58,232 INFO o.a.j.e.StandardJMeterEngine: All thread groups have been started
2020-04-20 23:37:59,130 INFO o.a.j.t.JMeterThread: Thread started: portal api 1-1
2020-04-20 23:37:59,158 INFO o.a.j.p.h.s.HTTPHCAbstractImpl: Local host = DESKTOP-RVNENMJ
2020-04-20 23:37:59,170 INFO o.a.j.p.h.s.HTTPHC4Impl: HTTP request retry count = 0
2020-04-20 23:37:59,172 INFO o.a.j.s.SampleResult: Note: Sample TimeStamps are START times
2020-04-20 23:37:59,172 INFO o.a.j.s.SampleResult: sampleresult.default.encoding is set to UTF-8
2020-04-20 23:37:59,172 INFO o.a.j.s.SampleResult: sampleresult.useNanoTime=true
2020-04-20 23:37:59,173 INFO o.a.j.s.SampleResult: sampleresult.nanoThreadSleep=5000
2020-04-20 23:38:00,131 INFO o.a.j.t.JMeterThread: Thread started: portal api 1-2
2020-04-20 23:38:01,131 INFO o.a.j.t.JMeterThread: Thread started: portal api 1-3
2020-04-20 23:38:02,130 INFO o.a.j.t.JMeterThread: Thread started: portal api 1-4
2020-04-20 23:38:03,131 INFO o.a.j.t.JMeterThread: Thread started: portal api 1-5
2020-04-20 23:38:04,130 INFO o.a.j.t.JMeterThread: Thread started: portal api 1-6
2020-04-20 23:38:05,130 INFO o.a.j.t.JMeterThread: Thread started: portal api 1-7
2020-04-20 23:38:06,134 INFO o.a.j.t.JMeterThread: Thread started: portal api 1-8
2020-04-20 23:38:07,131 INFO o.a.j.t.JMeterThread: Thread started: portal api 1-9
2020-04-20 23:38:07,197 INFO o.a.j.u.JsseSSLManager: Using default SSL protocol: TLS
2020-04-20 23:38:07,197 INFO o.a.j.u.JsseSSLManager: SSL session context: per-thread
2020-04-20 23:38:08,130 INFO o.a.j.t.JMeterThread: Thread started: portal api 1-10
2020-04-20 23:38:09,131 INFO o.a.j.t.JMeterThread: Thread started: portal api 1-11
2020-04-20 23:38:10,131 INFO o.a.j.t.JMeterThread: Thread started: portal api 1-12
2020-04-20 23:38:11,130 INFO o.a.j.t.JMeterThread: Thread started: portal api 1-13
2020-04-20 23:38:12,131 INFO o.a.j.t.JMeterThread: Thread started: portal api 1-14
2020-04-20 23:38:13,130 INFO o.a.j.t.JMeterThread: Thread started: portal api 1-15
2020-04-20 23:38:14,130 INFO o.a.j.t.JMeterThread: Thread started: portal api 1-16
2020-04-20 23:38:15,132 INFO o.a.j.t.JMeterThread: Thread started: portal api 1-17
2020-04-20 23:38:16,130 INFO o.a.j.t.JMeterThread: Thread started: portal api 1-18
2020-04-20 23:38:17,132 INFO o.a.j.t.JMeterThread: Thread started: portal api 1-19
2020-04-20 23:38:18,132 INFO o.a.j.t.JMeterThread: Thread started: portal api 1-20
2020-04-20 23:38:19,133 INFO o.a.j.t.JMeterThread: Thread started: portal api 1-21
2020-04-20 23:38:20,143 INFO o.a.j.t.JMeterThread: Thread started: portal api 1-22
2020-04-20 23:38:21,131 INFO o.a.j.t.JMeterThread: Thread started: portal api 1-23
2020-04-20 23:38:22,135 INFO o.a.j.t.JMeterThread: Thread started: portal api 1-24
2020-04-20 23:38:23,130 INFO o.a.j.t.JMeterThread: Thread started: portal api 1-25
2020-04-20 23:38:24,131 INFO o.a.j.t.JMeterThread: Thread started: portal api 1-26
2020-04-20 23:38:25,130 INFO o.a.j.t.JMeterThread: Thread started: portal api 1-27
2020-04-20 23:38:26,135 INFO o.a.j.t.JMeterThread: Thread started: portal api 1-28
2020-04-20 23:38:27,131 INFO o.a.j.t.JMeterThread: Thread started: portal api 1-29
2020-04-20 23:38:28,132 INFO o.a.j.t.JMeterThread: Thread started: portal api 1-30
2020-04-20 23:38:29,138 INFO o.a.j.t.JMeterThread: Thread started: portal api 1-31
2020-04-20 23:38:30,132 INFO o.a.j.t.JMeterThread: Thread started: portal api 1-32
2020-04-20 23:38:31,132 INFO o.a.j.t.JMeterThread: Thread started: portal api 1-33
2020-04-20 23:38:32,136 INFO o.a.j.t.JMeterThread: Thread started: portal api 1-34
2020-04-20 23:38:33,132 INFO o.a.j.t.JMeterThread: Thread started: portal api 1-35
2020-04-20 23:38:34,133 INFO o.a.j.t.JMeterThread: Thread started: portal api 1-36
2020-04-20 23:38:35,135 INFO o.a.j.t.JMeterThread: Thread started: portal api 1-37
2020-04-20 23:38:36,132 INFO o.a.j.t.JMeterThread: Thread started: portal api 1-38
2020-04-20 23:38:37,132 INFO o.a.j.t.JMeterThread: Thread started: portal api 1-39
2020-04-20 23:38:38,133 INFO o.a.j.t.JMeterThread: Thread started: portal api 1-40
2020-04-20 23:38:39,132 INFO o.a.j.t.JMeterThread: Thread started: portal api 1-41
2020-04-20 23:38:40,131 INFO o.a.j.t.JMeterThread: Thread started: portal api 1-42
2020-04-20 23:38:41,132 INFO o.a.j.t.JMeterThread: Thread started: portal api 1-43
2020-04-20 23:38:42,131 INFO o.a.j.t.JMeterThread: Thread started: portal api 1-44
2020-04-20 23:38:43,130 INFO o.a.j.t.JMeterThread: Thread started: portal api 1-45
2020-04-20 23:38:44,132 INFO o.a.j.t.JMeterThread: Thread started: portal api 1-46
2020-04-20 23:38:45,131 INFO o.a.j.t.JMeterThread: Thread started: portal api 1-47
2020-04-20 23:38:46,131 INFO o.a.j.t.JMeterThread: Thread started: portal api 1-48
2020-04-20 23:38:47,131 INFO o.a.j.t.JMeterThread: Thread started: portal api 1-49
2020-04-20 23:38:48,131 INFO o.a.j.t.JMeterThread: Thread started: portal api 1-50
2020-04-20 23:38:49,130 INFO o.a.j.t.JMeterThread: Thread started: portal api 1-51
2020-04-20 23:38:50,132 INFO o.a.j.t.JMeterThread: Thread started: portal api 1-52
2020-04-20 23:38:51,133 INFO o.a.j.t.JMeterThread: Thread started: portal api 1-53
2020-04-20 23:38:52,131 INFO o.a.j.t.JMeterThread: Thread started: portal api 1-54
2020-04-20 23:38:53,132 INFO o.a.j.t.JMeterThread: Thread started: portal api 1-55
2020-04-20 23:38:54,134 INFO o.a.j.t.JMeterThread: Thread started: portal api 1-56
2020-04-20 23:38:55,132 INFO o.a.j.t.JMeterThread: Thread started: portal api 1-57
2020-04-20 23:38:56,131 INFO o.a.j.t.JMeterThread: Thread started: portal api 1-58
2020-04-20 23:38:57,131 INFO o.a.j.t.JMeterThread: Thread started: portal api 1-59
2020-04-20 23:38:58,131 INFO o.a.j.t.JMeterThread: Thread started: portal api 1-60
2020-04-20 23:38:59,130 INFO o.a.j.t.JMeterThread: Thread started: portal api 1-61
2020-04-20 23:39:00,130 INFO o.a.j.t.JMeterThread: Thread started: portal api 1-62
2020-04-20 23:39:01,132 INFO o.a.j.t.JMeterThread: Thread started: portal api 1-63
2020-04-20 23:39:02,131 INFO o.a.j.t.JMeterThread: Thread started: portal api 1-64
2020-04-20 23:39:03,132 INFO o.a.j.t.JMeterThread: Thread started: portal api 1-65
2020-04-20 23:39:04,133 INFO o.a.j.t.JMeterThread: Thread started: portal api 1-66
2020-04-20 23:39:05,132 INFO o.a.j.t.JMeterThread: Thread started: portal api 1-67
2020-04-20 23:39:06,132 INFO o.a.j.t.JMeterThread: Thread started: portal api 1-68
2020-04-20 23:39:07,131 INFO o.a.j.t.JMeterThread: Thread started: portal api 1-69
2020-04-20 23:39:08,131 INFO o.a.j.t.JMeterThread: Thread started: portal api 1-70
2020-04-20 23:39:09,131 INFO o.a.j.t.JMeterThread: Thread started: portal api 1-71
2020-04-20 23:39:10,132 INFO o.a.j.t.JMeterThread: Thread started: portal api 1-72
2020-04-20 23:39:11,132 INFO o.a.j.t.JMeterThread: Thread started: portal api 1-73
2020-04-20 23:39:12,133 INFO o.a.j.t.JMeterThread: Thread started: portal api 1-74
2020-04-20 23:39:13,132 INFO o.a.j.t.JMeterThread: Thread started: portal api 1-75
2020-04-20 23:39:14,130 INFO o.a.j.t.JMeterThread: Thread started: portal api 1-76
2020-04-20 23:39:15,130 INFO o.a.j.t.JMeterThread: Thread started: portal api 1-77
2020-04-20 23:39:16,130 INFO o.a.j.t.JMeterThread: Thread started: portal api 1-78
2020-04-20 23:39:17,131 INFO o.a.j.t.JMeterThread: Thread started: portal api 1-79
2020-04-20 23:39:18,135 INFO o.a.j.t.JMeterThread: Thread started: portal api 1-80
2020-04-21 00:07:58,212 INFO o.a.j.t.JMeterThread: Thread finished: portal api 1-23
2020-04-21 00:07:58,215 INFO o.a.j.t.JMeterThread: Thread finished: portal api 1-15
2020-04-21 00:07:58,240 INFO o.a.j.t.JMeterThread: Thread finished: portal api 1-48
2020-04-21 00:07:58,251 INFO o.a.j.t.JMeterThread: Thread finished: portal api 1-39
2020-04-21 00:07:58,280 INFO o.a.j.t.JMeterThread: Thread finished: portal api 1-28
2020-04-21 00:07:58,280 INFO o.a.j.t.JMeterThread: Thread finished: portal api 1-68
2020-04-21 00:07:58,334 INFO o.a.j.t.JMeterThread: Thread finished: portal api 1-76
2020-04-21 00:07:58,334 INFO o.a.j.t.JMeterThread: Thread finished: portal api 1-6
2020-04-21 00:07:58,336 INFO o.a.j.t.JMeterThread: Thread finished: portal api 1-55
2020-04-21 00:07:58,354 INFO o.a.j.t.JMeterThread: Thread finished: portal api 1-77
2020-04-21 00:07:58,361 INFO o.a.j.t.JMeterThread: Thread finished: portal api 1-73
2020-04-21 00:07:58,362 INFO o.a.j.t.JMeterThread: Thread finished: portal api 1-18
2020-04-21 00:07:58,367 INFO o.a.j.t.JMeterThread: Thread finished: portal api 1-44
2020-04-21 00:07:58,381 INFO o.a.j.t.JMeterThread: Thread finished: portal api 1-70
2020-04-21 00:07:58,388 INFO o.a.j.t.JMeterThread: Thread finished: portal api 1-9
2020-04-21 00:07:58,402 INFO o.a.j.t.JMeterThread: Thread finished: portal api 1-34
2020-04-21 00:07:58,423 INFO o.a.j.t.JMeterThread: Thread finished: portal api 1-41
2020-04-21 00:07:58,439 INFO o.a.j.t.JMeterThread: Thread finished: portal api 1-25
2020-04-21 00:07:58,444 INFO o.a.j.t.JMeterThread: Thread finished: portal api 1-20
2020-04-21 00:07:58,444 INFO o.a.j.t.JMeterThread: Thread finished: portal api 1-7
2020-04-21 00:07:58,451 INFO o.a.j.t.JMeterThread: Thread finished: portal api 1-49
2020-04-21 00:07:58,460 INFO o.a.j.t.JMeterThread: Thread finished: portal api 1-30
2020-04-21 00:07:58,475 INFO o.a.j.t.JMeterThread: Thread finished: portal api 1-60
2020-04-21 00:07:58,476 INFO o.a.j.t.JMeterThread: Thread finished: portal api 1-47
2020-04-21 00:07:58,477 INFO o.a.j.t.JMeterThread: Thread finished: portal api 1-46
2020-04-21 00:07:58,494 INFO o.a.j.t.JMeterThread: Thread finished: portal api 1-53
2020-04-21 00:07:58,503 INFO o.a.j.t.JMeterThread: Thread finished: portal api 1-17
2020-04-21 00:07:58,524 INFO o.a.j.t.JMeterThread: Thread finished: portal api 1-51
2020-04-21 00:07:58,552 INFO o.a.j.t.JMeterThread: Thread finished: portal api 1-61
2020-04-21 00:07:58,552 INFO o.a.j.t.JMeterThread: Thread finished: portal api 1-10
2020-04-21 00:07:58,573 INFO o.a.j.t.JMeterThread: Thread finished: portal api 1-16
2020-04-21 00:07:58,619 INFO o.a.j.t.JMeterThread: Thread finished: portal api 1-24
2020-04-21 00:07:58,619 INFO o.a.j.t.JMeterThread: Thread finished: portal api 1-59
2020-04-21 00:07:58,619 INFO o.a.j.t.JMeterThread: Thread finished: portal api 1-11
2020-04-21 00:07:58,664 INFO o.a.j.t.JMeterThread: Thread finished: portal api 1-4
2020-04-21 00:07:58,664 INFO o.a.j.t.JMeterThread: Thread finished: portal api 1-12
2020-04-21 00:07:58,664 INFO o.a.j.t.JMeterThread: Thread finished: portal api 1-2
2020-04-21 00:07:58,668 INFO o.a.j.t.JMeterThread: Thread finished: portal api 1-37
2020-04-21 00:07:58,668 INFO o.a.j.t.JMeterThread: Thread finished: portal api 1-65
2020-04-21 00:07:58,677 INFO o.a.j.t.JMeterThread: Thread finished: portal api 1-58
2020-04-21 00:07:58,680 INFO o.a.j.t.JMeterThread: Thread finished: portal api 1-26
2020-04-21 00:07:58,707 INFO o.a.j.t.JMeterThread: Thread finished: portal api 1-79
2020-04-21 00:07:58,714 INFO o.a.j.t.JMeterThread: Thread finished: portal api 1-56
2020-04-21 00:07:58,734 INFO o.a.j.t.JMeterThread: Thread finished: portal api 1-5
2020-04-21 00:07:58,765 INFO o.a.j.t.JMeterThread: Thread finished: portal api 1-33
2020-04-21 00:07:58,765 INFO o.a.j.t.JMeterThread: Thread finished: portal api 1-35
2020-04-21 00:07:58,781 INFO o.a.j.t.JMeterThread: Thread finished: portal api 1-29
2020-04-21 00:07:58,782 INFO o.a.j.t.JMeterThread: Thread finished: portal api 1-57
2020-04-21 00:07:58,781 INFO o.a.j.t.JMeterThread: Thread finished: portal api 1-50
2020-04-21 00:07:58,790 INFO o.a.j.t.JMeterThread: Thread finished: portal api 1-62
2020-04-21 00:07:58,796 INFO o.a.j.t.JMeterThread: Thread finished: portal api 1-66
2020-04-21 00:07:58,804 INFO o.a.j.t.JMeterThread: Thread finished: portal api 1-72
2020-04-21 00:07:58,812 INFO o.a.j.t.JMeterThread: Thread finished: portal api 1-52
2020-04-21 00:07:58,829 INFO o.a.j.t.JMeterThread: Thread finished: portal api 1-36
2020-04-21 00:07:58,852 INFO o.a.j.t.JMeterThread: Thread finished: portal api 1-45
2020-04-21 00:07:58,852 INFO o.a.j.t.JMeterThread: Thread finished: portal api 1-64
2020-04-21 00:07:58,855 INFO o.a.j.t.JMeterThread: Thread finished: portal api 1-43
2020-04-21 00:07:58,871 INFO o.a.j.t.JMeterThread: Thread finished: portal api 1-27
2020-04-21 00:07:58,886 INFO o.a.j.t.JMeterThread: Thread finished: portal api 1-40
2020-04-21 00:07:58,892 INFO o.a.j.t.JMeterThread: Thread finished: portal api 1-8
2020-04-21 00:07:58,899 INFO o.a.j.t.JMeterThread: Thread finished: portal api 1-69
2020-04-21 00:07:58,923 INFO o.a.j.t.JMeterThread: Thread finished: portal api 1-54
2020-04-21 00:07:58,931 INFO o.a.j.t.JMeterThread: Thread finished: portal api 1-74
2020-04-21 00:07:58,932 INFO o.a.j.t.JMeterThread: Thread finished: portal api 1-13
2020-04-21 00:07:58,944 INFO o.a.j.t.JMeterThread: Thread finished: portal api 1-80
2020-04-21 00:07:58,971 INFO o.a.j.t.JMeterThread: Thread finished: portal api 1-21
2020-04-21 00:07:58,972 INFO o.a.j.t.JMeterThread: Thread finished: portal api 1-75
2020-04-21 00:07:58,972 INFO o.a.j.t.JMeterThread: Thread finished: portal api 1-14
2020-04-21 00:07:58,984 INFO o.a.j.t.JMeterThread: Thread finished: portal api 1-63
2020-04-21 00:07:59,028 INFO o.a.j.t.JMeterThread: Thread finished: portal api 1-38
2020-04-21 00:07:59,034 INFO o.a.j.t.JMeterThread: Thread finished: portal api 1-32
2020-04-21 00:07:59,045 INFO o.a.j.t.JMeterThread: Thread finished: portal api 1-19
2020-04-21 00:07:59,049 INFO o.a.j.t.JMeterThread: Thread finished: portal api 1-22
2020-04-21 00:07:59,064 INFO o.a.j.t.JMeterThread: Thread finished: portal api 1-71
2020-04-21 00:07:59,094 INFO o.a.j.t.JMeterThread: Thread finished: portal api 1-78
2020-04-21 00:07:59,118 INFO o.a.j.t.JMeterThread: Thread finished: portal api 1-67
2020-04-21 00:07:59,153 INFO o.a.j.t.JMeterThread: Thread finished: portal api 1-42
2020-04-21 00:07:59,165 INFO o.a.j.t.JMeterThread: Stopping because end time detected by thread: portal api 1-3
2020-04-21 00:07:59,165 INFO o.a.j.t.JMeterThread: Thread finished: portal api 1-3
2020-04-21 00:07:59,169 INFO o.a.j.t.JMeterThread: Stopping because end time detected by thread: portal api 1-1
2020-04-21 00:07:59,169 INFO o.a.j.t.JMeterThread: Thread finished: portal api 1-1
2020-04-21 00:07:59,190 INFO o.a.j.t.JMeterThread: Stopping because end time detected by thread: portal api 1-31
2020-04-21 00:07:59,190 INFO o.a.j.t.JMeterThread: Thread finished: portal api 1-31
2020-04-21 00:07:59,191 INFO o.a.j.e.StandardJMeterEngine: Notifying test listeners of end of test
2020-04-21 00:07:59,194 INFO o.a.j.e.StandardJMeterEngine: Forced JVM shutdown requested at end of test
