[2020-04-21 01:37:13,102 INFO root] Taurus CLI Tool v1.14.2
[2020-04-21 01:37:13,103 DEBUG root] Command-line options: {'log': 'C:\\Users\\myper\\AppData\\Local\\Temp\\bzt_vzmrnh5v.log', 'option': None, 'quiet': None, 'verbose': None, 'no_system_configs': None, 'aliases': []}
[2020-04-21 01:37:13,103 DEBUG root] Python: CPython 3.7.5
[2020-04-21 01:37:13,103 DEBUG root] Rev: 6cd8ae68844d2aa3e9428ed7317e9cf44c3943ad; OS: uname_result(system='Windows', node='DESKTOP-RVNENMJ', release='10', version='10.0.18362', machine='AMD64', processor='Intel64 Family 6 Model 94 Stepping 3, GenuineIntel')
[2020-04-21 01:37:13,104 DEBUG root] Adding JMX shorthand config for: ['atlasfinal.jmx']
[2020-04-21 01:37:13,105 DEBUG root] Dumping JSON config into C:\Users\myper\AppData\Local\Temp\jmx_k11sv_v_.json
[2020-04-21 01:37:13,105 INFO root] Starting with configs: ['C:\\Users\\myper\\AppData\\Local\\Temp\\jmx_k11sv_v_.json']
[2020-04-21 01:37:13,106 DEBUG root] Using personal config: C:\Users\myper\.bzt-rc
[2020-04-21 01:37:13,106 INFO Engine] Configuring...
[2020-04-21 01:37:13,139 DEBUG Engine] Base configs list: ['C:\\MyPrograms\\Taurus\\pkgs\\bzt\\resources/10-base-config.yml']
[2020-04-21 01:37:13,139 DEBUG Engine.Configuration] Configs: ['C:\\MyPrograms\\Taurus\\pkgs\\bzt\\resources/10-base-config.yml']
[2020-04-21 01:37:13,145 DEBUG Engine.Configuration] Reading C:\MyPrograms\Taurus\pkgs\bzt\resources/10-base-config.yml as YAML
[2020-04-21 01:37:13,166 DEBUG Engine] User configs list: ['C:\\Users\\myper\\.bzt-rc', 'C:\\Users\\myper\\AppData\\Local\\Temp\\jmx_k11sv_v_.json']
[2020-04-21 01:37:13,166 DEBUG Engine.Configuration] Configs: ['C:\\Users\\myper\\.bzt-rc', 'C:\\Users\\myper\\AppData\\Local\\Temp\\jmx_k11sv_v_.json']
[2020-04-21 01:37:13,171 DEBUG Engine.Configuration] Reading C:\Users\myper\.bzt-rc as YAML
[2020-04-21 01:37:13,179 DEBUG Engine.Configuration] Reading C:\Users\myper\AppData\Local\Temp\jmx_k11sv_v_.json as YAML
[2020-04-21 01:37:13,180 DEBUG Engine.Configuration] Configs: ['C:\\Users\\myper\\.bzt-rc', 'C:\\Users\\myper\\AppData\\Local\\Temp\\jmx_k11sv_v_.json']
[2020-04-21 01:37:13,180 DEBUG Engine.Configuration] Reading C:\Users\myper\.bzt-rc as YAML
[2020-04-21 01:37:13,183 DEBUG Engine.Configuration] Reading C:\Users\myper\AppData\Local\Temp\jmx_k11sv_v_.json as YAML
[2020-04-21 01:37:13,190 DEBUG Engine] Requesting updates info: https://gettaurus.org/updates/?version=1.14.2&installID=windows-1c1b0d6bad78
[2020-04-21 01:37:13,190 INFO Engine] Artifacts dir: C:\Repos\GitHub\jmeter\2020-04-21_01-37-13.190693
[2020-04-21 01:37:13,190 DEBUG HTTPClient] Making HTTP request GET https://gettaurus.org/updates/?version=1.14.2&installID=windows-1c1b0d6bad78
[2020-04-21 01:37:13,191 DEBUG Engine] New artifact filename: C:\Repos\GitHub\jmeter\2020-04-21_01-37-13.190693\effective
[2020-04-21 01:37:13,193 DEBUG Engine.Configuration] Dumping YAML config into C:\Repos\GitHub\jmeter\2020-04-21_01-37-13.190693\effective.yml
[2020-04-21 01:37:13,205 DEBUG urllib3.connectionpool] Starting new HTTPS connection (1): gettaurus.org:443
[2020-04-21 01:37:13,207 DEBUG Engine.Configuration] Dumping JSON config into C:\Repos\GitHub\jmeter\2020-04-21_01-37-13.190693\effective.json
[2020-04-21 01:37:13,208 DEBUG Engine] New artifact filename: C:\Repos\GitHub\jmeter\2020-04-21_01-37-13.190693\merged.yml
[2020-04-21 01:37:13,208 DEBUG Engine.Configuration] Dumping YAML config into C:\Repos\GitHub\jmeter\2020-04-21_01-37-13.190693\merged.yml
[2020-04-21 01:37:13,209 DEBUG Engine] New artifact filename: C:\Repos\GitHub\jmeter\2020-04-21_01-37-13.190693\merged.json
[2020-04-21 01:37:13,210 DEBUG Engine.Configuration] Dumping JSON config into C:\Repos\GitHub\jmeter\2020-04-21_01-37-13.190693\merged.json
[2020-04-21 01:37:13,210 DEBUG Engine] Add existing artifact (move=False): C:\Users\myper\AppData\Local\Temp\jmx_k11sv_v_.json
[2020-04-21 01:37:13,210 DEBUG Engine] Copying C:\Users\myper\AppData\Local\Temp\jmx_k11sv_v_.json to C:\Repos\GitHub\jmeter\2020-04-21_01-37-13.190693\jmx_k11sv_v_.json
[2020-04-21 01:37:13,212 DEBUG root] Closing log handler: C:\Users\myper\AppData\Local\Temp\bzt_vzmrnh5v.log
[2020-04-21 01:37:13,213 DEBUG root] Switched writing logs to C:\Repos\GitHub\jmeter\2020-04-21_01-37-13.190693\bzt.log
[2020-04-21 01:37:13,213 DEBUG root] Linting config
[2020-04-21 01:37:13,215 INFO Engine] Preparing...
[2020-04-21 01:37:13,215 DEBUG Engine] Module config: consolidator {'class': 'bzt.modules.aggregator.ConsolidatingAggregator'}
[2020-04-21 01:37:13,215 DEBUG root] Importing module: bzt.modules.aggregator
[2020-04-21 01:37:13,348 DEBUG root] Loading class: 'ConsolidatingAggregator' from <module 'bzt.modules.aggregator' from 'C:\\MyPrograms\\Taurus\\pkgs\\bzt\\modules\\aggregator.py'>
[2020-04-21 01:37:13,348 DEBUG Engine.consolidator] Buffer scaling setup: percentile 95.0 from [0.0, 50.0, 90.0, 95.0, 99.0, 99.9, 100.0] selected
[2020-04-21 01:37:13,348 DEBUG Engine] Module config: monitoring {'class': 'bzt.modules.monitoring.Monitoring'}
[2020-04-21 01:37:13,348 DEBUG root] Importing module: bzt.modules.monitoring
[2020-04-21 01:37:13,350 DEBUG root] Loading class: 'Monitoring' from <module 'bzt.modules.monitoring' from 'C:\\MyPrograms\\Taurus\\pkgs\\bzt\\modules\\monitoring.py'>
[2020-04-21 01:37:13,351 DEBUG Engine] Module config: local {'class': 'bzt.modules.provisioning.Local'}
[2020-04-21 01:37:13,351 DEBUG root] Importing module: bzt.modules.provisioning
[2020-04-21 01:37:13,351 DEBUG root] Loading class: 'Local' from <module 'bzt.modules.provisioning' from 'C:\\MyPrograms\\Taurus\\pkgs\\bzt\\modules\\provisioning.py'>
[2020-04-21 01:37:13,351 DEBUG Engine] Module config: jmeter {'class': 'bzt.modules.jmeter.JMeterExecutor', 'protocol-handlers': {'http': 'bzt.jmx.http.HTTPProtocolHandler'}, 'plugins': ['jpgc-casutg', 'jpgc-dummy', 'jpgc-ffw', 'jpgc-fifo', 'jpgc-functions', 'jpgc-json', 'jpgc-perfmon', 'jpgc-prmctl', 'jpgc-tst'], 'properties': {'jmeter.save.saveservice.autoflush': 'true', 'jmeter.save.saveservice.connect_time': 'true', 'jmeterengine.force.system.exit': 'true', 'summariser.name': ''}}
[2020-04-21 01:37:13,351 DEBUG root] Importing module: bzt.modules.jmeter
[2020-04-21 01:37:13,362 DEBUG root] Loading class: 'JMeterExecutor' from <module 'bzt.modules.jmeter' from 'C:\\MyPrograms\\Taurus\\pkgs\\bzt\\modules\\jmeter.py'>
[2020-04-21 01:37:13,362 DEBUG Engine.local] Preparing executor: jmeter/3048051833032
[2020-04-21 01:37:13,363 DEBUG Engine] New artifact filename: C:\Repos\GitHub\jmeter\2020-04-21_01-37-13.190693\jmeter.log
[2020-04-21 01:37:13,363 DEBUG Engine.jmeter] Checking if port 4445 is free
[2020-04-21 01:37:13,442 DEBUG Engine.jmeter] Port 4445 is free
[2020-04-21 01:37:13,442 DEBUG Engine.jmeter] Using port 4445 for management
[2020-04-21 01:37:13,442 DEBUG Engine.jmeter] Extract {'script': 'atlasfinal.jmx'} into scenarios
[2020-04-21 01:37:13,443 DEBUG Engine.jmeter] Additional properties: {'jmeter.save.saveservice.autoflush': 'true', 'jmeter.save.saveservice.connect_time': 'true', 'jmeterengine.force.system.exit': 'true', 'summariser.name': '', 'jmeterengine.nongui.port': 4445, 'jmeterengine.nongui.maxport': 4445, 'jmeter.save.saveservice.timestamp_format': 'ms', 'sampleresult.default.encoding': 'UTF-8', 'user.classpath': 'C:/Repos/GitHub/jmeter/2020-04-21_01-37-13.190693;C:/Repos/GitHub/jmeter'}
[2020-04-21 01:37:13,444 DEBUG Engine] New artifact filename: C:\Repos\GitHub\jmeter\2020-04-21_01-37-13.190693\jmeter-bzt.properties
[2020-04-21 01:37:13,445 DEBUG Engine.jmeter.JavaVM] Trying JavaVM: ['java', '-version']
[2020-04-21 01:37:13,446 DEBUG root] Executing shell: ['java', '-version'] at .
[2020-04-21 01:37:13,555 DEBUG Engine.jmeter.JavaVM] JavaVM output: java version "1.8.0_251"
Java(TM) SE Runtime Environment (build 1.8.0_251-b08)
Java HotSpot(TM) 64-Bit Server VM (build 25.251-b08, mixed mode)

[2020-04-21 01:37:13,555 DEBUG Engine.jmeter.TclLibrary] Checking if TCL_LIBRARY variable is present in environment
[2020-04-21 01:37:13,555 DEBUG Engine.jmeter.TclLibrary] TCL_LIBRARY environment variable is present
[2020-04-21 01:37:13,555 DEBUG Engine.jmeter.JMeter] Trying JMeter..
[2020-04-21 01:37:13,556 DEBUG root] Executing shell: ['C:\\Users\\myper\\.bzt\\jmeter-taurus\\5.2.1\\bin\\jmeter.bat', '-j', 'C:\\Users\\myper\\AppData\\Local\\Temp\\jmeter5s94svsolog', '--version'] at .
[2020-04-21 01:37:14,446 DEBUG urllib3.connectionpool] https://gettaurus.org:443 "GET /updates/?version=1.14.2&installID=windows-1c1b0d6bad78 HTTP/1.1" 200 40
[2020-04-21 01:37:14,447 DEBUG Engine] Taurus updates info: {'latest': '1.14.2', 'needsUpgrade': False}
[2020-04-21 01:37:14,447 DEBUG Engine] Installation is up-to-date
[2020-04-21 01:37:15,209 DEBUG Engine.jmeter.JMeter] JMeter check:     _    ____   _    ____ _   _ _____       _ __  __ _____ _____ _____ ____
   / \  |  _ \ / \  / ___| | | | ____|     | |  \/  | ____|_   _| ____|  _ \
  / _ \ | |_) / _ \| |   | |_| |  _|    _  | | |\/| |  _|   | | |  _| | |_) |
 / ___ \|  __/ ___ \ |___|  _  | |___  | |_| | |  | | |___  | | | |___|  _ <
/_/   \_\_| /_/   \_\____|_| |_|_____|  \___/|_|  |_|_____| |_| |_____|_| \_\ 5.2.1

Copyright (c) 1999-2019 The Apache Software Foundation

 / 
[2020-04-21 01:37:15,243 DEBUG Engine] New artifact filename: C:\Repos\GitHub\jmeter\2020-04-21_01-37-13.190693\kpi.jtl
[2020-04-21 01:37:15,245 DEBUG Engine] New artifact filename: C:\Repos\GitHub\jmeter\2020-04-21_01-37-13.190693\error.jtl
[2020-04-21 01:37:15,255 DEBUG Engine.jmeter.LoadSettingsProcessor] Load: LoadSpec(concurrency=None, throughput=None, ramp_up=None, hold=0, iterations=1, duration=None, steps=None)
[2020-04-21 01:37:15,256 DEBUG Engine.jmeter.LoadSettingsProcessor] Thread group detection: duration not found, regular ThreadGroup will be used
[2020-04-21 01:37:15,256 DEBUG Engine.jmeter.LoadSettingsProcessor] No iterations/concurrency/duration found, thread group modification is skipped
[2020-04-21 01:37:15,256 DEBUG JMX] Saving JMX to: C:\Repos\GitHub\jmeter\modified_atlasfinal-1.jmx
[2020-04-21 01:37:15,264 DEBUG root] Executing shell: ['C:\\Users\\myper\\.bzt\\jmeter-taurus\\5.2.1\\bin\\PluginsManagerCMD.bat', 'install-for-jmx', 'C:\\Repos\\GitHub\\jmeter\\modified_atlasfinal-1.jmx'] at .
[2020-04-21 01:37:19,062 DEBUG Engine.jmeter.JMeter] Try to detect plugins for C:\Repos\GitHub\jmeter\modified_atlasfinal-1.jmx
2020-04-21 01:37:16,746 INFO o.j.r.PluginManagerCMD: Command is: install-for-jmx
2020-04-21 01:37:17,235 INFO o.j.r.JARSourceHTTP: Found cached repo
2020-04-21 01:37:17,431 INFO o.j.r.PluginManager: Plugins Status: [jpgc-graphs-basic=2.0, jpgc-graphs-additional=2.0, jpgc-functions=2.1, jpgc-casutg=2.9, jpgc-dummy=0.4, jpgc-ffw=2.0, jpgc-fifo=0.2, jpgc-json=2.7, jpgc-prmctl=0.4, jpgc-perfmon=2.1, jpgc-plugins-manager=1.3, jpgc-tst=2.5, jmeter-core=5.2.1, jmeter-ftp=5.2.1, jmeter-http=5.2.1, jmeter-jdbc=5.2.1, jmeter-jms=5.2.1, jmeter-junit=5.2.1, jmeter-java=5.2.1, jmeter-ldap=5.2.1, jmeter-mail=5.2.1, jmeter-mongodb=5.2.1, jmeter-native=5.2.1, jmeter-tcp=5.2.1, jmeter-components=5.2.1, jpgc-standard=2.0]
2020-04-21 01:37:17,433 INFO o.j.r.PluginManagerCMD: Params line is: C:\Repos\GitHub\jmeter\modified_atlasfinal-1.jmx
2020-04-21 01:37:17,851 INFO o.a.j.s.SaveService: Testplan (JMX) version: 2.2. Testlog (JTL) version: 2.2
2020-04-21 01:37:17,858 INFO o.a.j.s.SaveService: Using SaveService properties file encoding UTF-8
2020-04-21 01:37:17,863 INFO o.a.j.s.SaveService: Using SaveService properties version 5.0
2020-04-21 01:37:18,011 INFO o.a.j.p.h.s.HTTPSamplerBase: Parser for text/html is org.apache.jmeter.protocol.http.parser.LagartoBasedHtmlParser
2020-04-21 01:37:18,011 INFO o.a.j.p.h.s.HTTPSamplerBase: Parser for application/xhtml+xml is org.apache.jmeter.protocol.http.parser.LagartoBasedHtmlParser
2020-04-21 01:37:18,012 INFO o.a.j.p.h.s.HTTPSamplerBase: Parser for application/xml is org.apache.jmeter.protocol.http.parser.LagartoBasedHtmlParser
2020-04-21 01:37:18,012 INFO o.a.j.p.h.s.HTTPSamplerBase: Parser for text/xml is org.apache.jmeter.protocol.http.parser.LagartoBasedHtmlParser
2020-04-21 01:37:18,012 INFO o.a.j.p.h.s.HTTPSamplerBase: Parser for text/vnd.wap.wml is org.apache.jmeter.protocol.http.parser.RegexpHTMLParser
2020-04-21 01:37:18,012 INFO o.a.j.p.h.s.HTTPSamplerBase: Parser for text/css is org.apache.jmeter.protocol.http.parser.CssParser
2020-04-21 01:37:18,076 INFO o.j.r.PluginManager: Finishing without changes


[2020-04-21 01:37:19,063 DEBUG Engine] New artifact filename: C:\Repos\GitHub\jmeter\2020-04-21_01-37-13.190693\jmeter.out
[2020-04-21 01:37:19,063 DEBUG Engine] New artifact filename: C:\Repos\GitHub\jmeter\2020-04-21_01-37-13.190693\jmeter.err
[2020-04-21 01:37:19,068 DEBUG Engine] Module config: final-stats {'class': 'bzt.modules.reporting.FinalStatus'}
[2020-04-21 01:37:19,068 DEBUG root] Importing module: bzt.modules.reporting
[2020-04-21 01:37:19,084 DEBUG root] Loading class: 'FinalStatus' from <module 'bzt.modules.reporting' from 'C:\\MyPrograms\\Taurus\\pkgs\\bzt\\modules\\reporting.py'>
[2020-04-21 01:37:19,085 DEBUG Engine] Module config: console {'class': 'bzt.modules.console.ConsoleStatusReporter'}
[2020-04-21 01:37:19,085 DEBUG root] Importing module: bzt.modules.console
[2020-04-21 01:37:19,085 DEBUG root] Loading class: 'ConsoleStatusReporter' from <module 'bzt.modules.console' from 'C:\\MyPrograms\\Taurus\\pkgs\\bzt\\modules\\console.py'>
[2020-04-21 01:37:19,085 DEBUG Engine.console] Can't use 'console' screen, trying 'gui'
[2020-04-21 01:37:19,091 DEBUG Engine.Configuration] Dumping YAML config into C:\Repos\GitHub\jmeter\2020-04-21_01-37-13.190693\effective.yml
[2020-04-21 01:37:19,111 DEBUG Engine.Configuration] Dumping JSON config into C:\Repos\GitHub\jmeter\2020-04-21_01-37-13.190693\effective.json
[2020-04-21 01:37:19,112 INFO Engine] Starting...
[2020-04-21 01:37:19,112 DEBUG Engine] Startup <bzt.modules.monitoring.Monitoring object at 0x000002C5AE08CB08>
[2020-04-21 01:37:19,113 DEBUG Engine] Startup <bzt.modules.aggregator.ConsolidatingAggregator object at 0x000002C5A7249648>
[2020-04-21 01:37:19,113 DEBUG Engine] Startup <bzt.modules.reporting.FinalStatus object at 0x000002C5AE129D88>
[2020-04-21 01:37:19,113 DEBUG Engine] Startup <bzt.modules.console.ConsoleStatusReporter object at 0x000002C5AE0BBC08>
[2020-04-21 01:37:19,113 INFO Engine.console] Waiting for results...
[2020-04-21 01:37:19,114 DEBUG Engine] Startup <bzt.modules.provisioning.Local object at 0x000002C5A7245608>
[2020-04-21 01:37:19,114 DEBUG Engine.local] Delay setup for jmeter/atlasfinal.jmx: 0(start-at) + 0(delay) = 0
[2020-04-21 01:37:19,115 DEBUG Engine.Configuration] Dumping YAML config into C:\Repos\GitHub\jmeter\2020-04-21_01-37-13.190693\effective.yml
[2020-04-21 01:37:19,129 DEBUG Engine.Configuration] Dumping JSON config into C:\Repos\GitHub\jmeter\2020-04-21_01-37-13.190693\effective.json
[2020-04-21 01:37:19,129 DEBUG root] Leveling down log file verbosity to INFO, use -v option to have DEBUG messages enabled
[2020-04-21 01:37:19,129 DEBUG root] Leveled up log file verbosity
[2020-04-21 01:37:19,130 DEBUG root] Executing shell: ['C:\\Users\\myper\\.bzt\\jmeter-taurus\\5.2.1\\bin\\jmeter.bat', '-t', 'C:\\Repos\\GitHub\\jmeter\\modified_atlasfinal-1.jmx', '-j', 'C:\\Repos\\GitHub\\jmeter\\2020-04-21_01-37-13.190693\\jmeter.log', '-q', 'C:\\Repos\\GitHub\\jmeter\\2020-04-21_01-37-13.190693\\jmeter-bzt.properties', '-n'] at C:\Repos\GitHub\jmeter
[2020-04-21 01:37:19,132 DEBUG Engine.local] Starting execution: jmeter/atlasfinal.jmx, rest of available slots: 9223372036854775806
[2020-04-21 01:37:19,132 DEBUG root] Leveling down log file verbosity to INFO, use -v option to have DEBUG messages enabled
[2020-04-21 01:37:19,358 INFO Engine.console] Did not mute console logging
[2020-04-21 01:37:19,487 INFO Engine.console] Waiting for finish...
