[2020-04-20 19:20:26,305 INFO root] Taurus CLI Tool v1.14.2
[2020-04-20 19:20:26,306 DEBUG root] Command-line options: {'log': 'C:\\Users\\myper\\AppData\\Local\\Temp\\bzt__4z8hpu3.log', 'option': None, 'quiet': None, 'verbose': None, 'no_system_configs': None, 'aliases': []}
[2020-04-20 19:20:26,306 DEBUG root] Python: CPython 3.7.5
[2020-04-20 19:20:26,306 DEBUG root] Rev: 6cd8ae68844d2aa3e9428ed7317e9cf44c3943ad; OS: uname_result(system='Windows', node='DESKTOP-RVNENMJ', release='10', version='10.0.18362', machine='AMD64', processor='Intel64 Family 6 Model 94 Stepping 3, GenuineIntel')
[2020-04-20 19:20:26,306 DEBUG root] Adding JMX shorthand config for: ['atlasfinal.jmx']
[2020-04-20 19:20:26,307 DEBUG root] Dumping JSON config into C:\Users\myper\AppData\Local\Temp\jmx_4ci5hgca.json
[2020-04-20 19:20:26,308 INFO root] Starting with configs: ['C:\\Users\\myper\\AppData\\Local\\Temp\\jmx_4ci5hgca.json']
[2020-04-20 19:20:26,308 DEBUG root] Using personal config: C:\Users\myper\.bzt-rc
[2020-04-20 19:20:26,308 INFO Engine] Configuring...
[2020-04-20 19:20:26,340 DEBUG Engine] Base configs list: ['C:\\MyPrograms\\Taurus\\pkgs\\bzt\\resources/10-base-config.yml']
[2020-04-20 19:20:26,340 DEBUG Engine.Configuration] Configs: ['C:\\MyPrograms\\Taurus\\pkgs\\bzt\\resources/10-base-config.yml']
[2020-04-20 19:20:26,346 DEBUG Engine.Configuration] Reading C:\MyPrograms\Taurus\pkgs\bzt\resources/10-base-config.yml as YAML
[2020-04-20 19:20:26,371 DEBUG Engine] User configs list: ['C:\\Users\\myper\\.bzt-rc', 'C:\\Users\\myper\\AppData\\Local\\Temp\\jmx_4ci5hgca.json']
[2020-04-20 19:20:26,371 DEBUG Engine.Configuration] Configs: ['C:\\Users\\myper\\.bzt-rc', 'C:\\Users\\myper\\AppData\\Local\\Temp\\jmx_4ci5hgca.json']
[2020-04-20 19:20:26,377 DEBUG Engine.Configuration] Reading C:\Users\myper\.bzt-rc as YAML
[2020-04-20 19:20:26,385 DEBUG Engine.Configuration] Reading C:\Users\myper\AppData\Local\Temp\jmx_4ci5hgca.json as YAML
[2020-04-20 19:20:26,386 DEBUG Engine.Configuration] Configs: ['C:\\Users\\myper\\.bzt-rc', 'C:\\Users\\myper\\AppData\\Local\\Temp\\jmx_4ci5hgca.json']
[2020-04-20 19:20:26,386 DEBUG Engine.Configuration] Reading C:\Users\myper\.bzt-rc as YAML
[2020-04-20 19:20:26,390 DEBUG Engine.Configuration] Reading C:\Users\myper\AppData\Local\Temp\jmx_4ci5hgca.json as YAML
[2020-04-20 19:20:26,400 DEBUG Engine] Requesting updates info: https://gettaurus.org/updates/?version=1.14.2&installID=windows-1c1b0d6bad78
[2020-04-20 19:20:26,400 DEBUG HTTPClient] Making HTTP request GET https://gettaurus.org/updates/?version=1.14.2&installID=windows-1c1b0d6bad78
[2020-04-20 19:20:26,400 INFO Engine] Artifacts dir: C:\Repos\GitHub\jmeter\2020-04-20_19-20-26.400499
[2020-04-20 19:20:26,402 DEBUG Engine] New artifact filename: C:\Repos\GitHub\jmeter\2020-04-20_19-20-26.400499\effective
[2020-04-20 19:20:26,404 DEBUG urllib3.connectionpool] Starting new HTTPS connection (1): gettaurus.org:443
[2020-04-20 19:20:26,404 DEBUG Engine.Configuration] Dumping YAML config into C:\Repos\GitHub\jmeter\2020-04-20_19-20-26.400499\effective.yml
[2020-04-20 19:20:26,419 DEBUG Engine.Configuration] Dumping JSON config into C:\Repos\GitHub\jmeter\2020-04-20_19-20-26.400499\effective.json
[2020-04-20 19:20:26,420 DEBUG Engine] New artifact filename: C:\Repos\GitHub\jmeter\2020-04-20_19-20-26.400499\merged.yml
[2020-04-20 19:20:26,421 DEBUG Engine.Configuration] Dumping YAML config into C:\Repos\GitHub\jmeter\2020-04-20_19-20-26.400499\merged.yml
[2020-04-20 19:20:26,421 DEBUG Engine] New artifact filename: C:\Repos\GitHub\jmeter\2020-04-20_19-20-26.400499\merged.json
[2020-04-20 19:20:26,422 DEBUG Engine.Configuration] Dumping JSON config into C:\Repos\GitHub\jmeter\2020-04-20_19-20-26.400499\merged.json
[2020-04-20 19:20:26,423 DEBUG Engine] Add existing artifact (move=False): C:\Users\myper\AppData\Local\Temp\jmx_4ci5hgca.json
[2020-04-20 19:20:26,423 DEBUG Engine] Copying C:\Users\myper\AppData\Local\Temp\jmx_4ci5hgca.json to C:\Repos\GitHub\jmeter\2020-04-20_19-20-26.400499\jmx_4ci5hgca.json
[2020-04-20 19:20:26,424 DEBUG root] Closing log handler: C:\Users\myper\AppData\Local\Temp\bzt__4z8hpu3.log
[2020-04-20 19:20:26,426 DEBUG root] Switched writing logs to C:\Repos\GitHub\jmeter\2020-04-20_19-20-26.400499\bzt.log
[2020-04-20 19:20:26,426 DEBUG root] Linting config
[2020-04-20 19:20:26,428 INFO Engine] Preparing...
[2020-04-20 19:20:26,428 DEBUG Engine] Module config: consolidator {'class': 'bzt.modules.aggregator.ConsolidatingAggregator'}
[2020-04-20 19:20:26,429 DEBUG root] Importing module: bzt.modules.aggregator
[2020-04-20 19:20:26,609 DEBUG root] Loading class: 'ConsolidatingAggregator' from <module 'bzt.modules.aggregator' from 'C:\\MyPrograms\\Taurus\\pkgs\\bzt\\modules\\aggregator.py'>
[2020-04-20 19:20:26,609 DEBUG Engine.consolidator] Buffer scaling setup: percentile 95.0 from [0.0, 50.0, 90.0, 95.0, 99.0, 99.9, 100.0] selected
[2020-04-20 19:20:26,609 DEBUG Engine] Module config: monitoring {'class': 'bzt.modules.monitoring.Monitoring'}
[2020-04-20 19:20:26,609 DEBUG root] Importing module: bzt.modules.monitoring
[2020-04-20 19:20:26,612 DEBUG root] Loading class: 'Monitoring' from <module 'bzt.modules.monitoring' from 'C:\\MyPrograms\\Taurus\\pkgs\\bzt\\modules\\monitoring.py'>
[2020-04-20 19:20:26,612 DEBUG Engine] Module config: local {'class': 'bzt.modules.provisioning.Local'}
[2020-04-20 19:20:26,612 DEBUG root] Importing module: bzt.modules.provisioning
[2020-04-20 19:20:26,612 DEBUG root] Loading class: 'Local' from <module 'bzt.modules.provisioning' from 'C:\\MyPrograms\\Taurus\\pkgs\\bzt\\modules\\provisioning.py'>
[2020-04-20 19:20:26,612 DEBUG Engine] Module config: jmeter {'class': 'bzt.modules.jmeter.JMeterExecutor', 'protocol-handlers': {'http': 'bzt.jmx.http.HTTPProtocolHandler'}, 'plugins': ['jpgc-casutg', 'jpgc-dummy', 'jpgc-ffw', 'jpgc-fifo', 'jpgc-functions', 'jpgc-json', 'jpgc-perfmon', 'jpgc-prmctl', 'jpgc-tst'], 'properties': {'jmeter.save.saveservice.autoflush': 'true', 'jmeter.save.saveservice.connect_time': 'true', 'jmeterengine.force.system.exit': 'true', 'summariser.name': ''}}
[2020-04-20 19:20:26,612 DEBUG root] Importing module: bzt.modules.jmeter
[2020-04-20 19:20:26,626 DEBUG root] Loading class: 'JMeterExecutor' from <module 'bzt.modules.jmeter' from 'C:\\MyPrograms\\Taurus\\pkgs\\bzt\\modules\\jmeter.py'>
[2020-04-20 19:20:26,626 DEBUG Engine.local] Preparing executor: jmeter/1415650725640
[2020-04-20 19:20:26,627 DEBUG Engine] New artifact filename: C:\Repos\GitHub\jmeter\2020-04-20_19-20-26.400499\jmeter.log
[2020-04-20 19:20:26,627 DEBUG Engine.jmeter] Checking if port 4445 is free
[2020-04-20 19:20:26,627 DEBUG Engine.jmeter] Port 4445 is free
[2020-04-20 19:20:26,627 DEBUG Engine.jmeter] Using port 4445 for management
[2020-04-20 19:20:26,627 DEBUG Engine.jmeter] Extract {'script': 'atlasfinal.jmx'} into scenarios
[2020-04-20 19:20:26,628 DEBUG Engine.jmeter] Additional properties: {'jmeter.save.saveservice.autoflush': 'true', 'jmeter.save.saveservice.connect_time': 'true', 'jmeterengine.force.system.exit': 'true', 'summariser.name': '', 'jmeterengine.nongui.port': 4445, 'jmeterengine.nongui.maxport': 4445, 'jmeter.save.saveservice.timestamp_format': 'ms', 'sampleresult.default.encoding': 'UTF-8', 'user.classpath': 'C:/Repos/GitHub/jmeter/2020-04-20_19-20-26.400499;C:/Repos/GitHub/jmeter'}
[2020-04-20 19:20:26,628 DEBUG Engine] New artifact filename: C:\Repos\GitHub\jmeter\2020-04-20_19-20-26.400499\jmeter-bzt.properties
[2020-04-20 19:20:26,629 DEBUG Engine.jmeter.JavaVM] Trying JavaVM: ['java', '-version']
[2020-04-20 19:20:26,629 DEBUG root] Executing shell: ['java', '-version'] at .
[2020-04-20 19:20:26,759 DEBUG Engine.jmeter.JavaVM] JavaVM output: java version "1.8.0_251"
Java(TM) SE Runtime Environment (build 1.8.0_251-b08)
Java HotSpot(TM) 64-Bit Server VM (build 25.251-b08, mixed mode)

[2020-04-20 19:20:26,759 DEBUG Engine.jmeter.TclLibrary] Checking if TCL_LIBRARY variable is present in environment
[2020-04-20 19:20:26,759 DEBUG Engine.jmeter.TclLibrary] TCL_LIBRARY environment variable is present
[2020-04-20 19:20:26,759 DEBUG Engine.jmeter.JMeter] Trying JMeter..
[2020-04-20 19:20:26,760 DEBUG root] Executing shell: ['C:\\Users\\myper\\.bzt\\jmeter-taurus\\5.2.1\\bin\\jmeter.bat', '-j', 'C:\\Users\\myper\\AppData\\Local\\Temp\\jmeter11e79kaklog', '--version'] at .
[2020-04-20 19:20:27,605 DEBUG urllib3.connectionpool] https://gettaurus.org:443 "GET /updates/?version=1.14.2&installID=windows-1c1b0d6bad78 HTTP/1.1" 200 40
[2020-04-20 19:20:27,606 DEBUG Engine] Taurus updates info: {'latest': '1.14.2', 'needsUpgrade': False}
[2020-04-20 19:20:27,606 DEBUG Engine] Installation is up-to-date
[2020-04-20 19:20:28,701 DEBUG Engine.jmeter.JMeter] JMeter check:     _    ____   _    ____ _   _ _____       _ __  __ _____ _____ _____ ____
   / \  |  _ \ / \  / ___| | | | ____|     | |  \/  | ____|_   _| ____|  _ \
  / _ \ | |_) / _ \| |   | |_| |  _|    _  | | |\/| |  _|   | | |  _| | |_) |
 / ___ \|  __/ ___ \ |___|  _  | |___  | |_| | |  | | |___  | | | |___|  _ <
/_/   \_\_| /_/   \_\____|_| |_|_____|  \___/|_|  |_|_____| |_| |_____|_| \_\ 5.2.1

Copyright (c) 1999-2019 The Apache Software Foundation

 / 
[2020-04-20 19:20:28,715 DEBUG Engine] New artifact filename: C:\Repos\GitHub\jmeter\2020-04-20_19-20-26.400499\kpi.jtl
[2020-04-20 19:20:28,718 DEBUG Engine] New artifact filename: C:\Repos\GitHub\jmeter\2020-04-20_19-20-26.400499\error.jtl
[2020-04-20 19:20:28,730 DEBUG Engine.jmeter.LoadSettingsProcessor] Load: LoadSpec(concurrency=None, throughput=None, ramp_up=None, hold=0, iterations=1, duration=None, steps=None)
[2020-04-20 19:20:28,730 DEBUG Engine.jmeter.LoadSettingsProcessor] Thread group detection: duration not found, regular ThreadGroup will be used
[2020-04-20 19:20:28,731 DEBUG Engine.jmeter.LoadSettingsProcessor] No iterations/concurrency/duration found, thread group modification is skipped
[2020-04-20 19:20:28,731 DEBUG JMX] Saving JMX to: C:\Repos\GitHub\jmeter\modified_atlasfinal.jmx
[2020-04-20 19:20:28,738 DEBUG root] Executing shell: ['C:\\Users\\myper\\.bzt\\jmeter-taurus\\5.2.1\\bin\\PluginsManagerCMD.bat', 'install-for-jmx', 'C:\\Repos\\GitHub\\jmeter\\modified_atlasfinal.jmx'] at .
[2020-04-20 19:20:32,825 DEBUG Engine.jmeter.JMeter] Try to detect plugins for C:\Repos\GitHub\jmeter\modified_atlasfinal.jmx
2020-04-20 19:20:30,360 INFO o.j.r.PluginManagerCMD: Command is: install-for-jmx
2020-04-20 19:20:30,840 INFO o.j.r.JARSourceHTTP: Found cached repo
2020-04-20 19:20:31,041 INFO o.j.r.PluginManager: Plugins Status: [jpgc-graphs-basic=2.0, jpgc-graphs-additional=2.0, jpgc-functions=2.1, jpgc-casutg=2.9, jpgc-dummy=0.4, jpgc-ffw=2.0, jpgc-fifo=0.2, jpgc-json=2.7, jpgc-prmctl=0.4, jpgc-perfmon=2.1, jpgc-plugins-manager=1.3, jpgc-tst=2.5, jmeter-core=5.2.1, jmeter-ftp=5.2.1, jmeter-http=5.2.1, jmeter-jdbc=5.2.1, jmeter-jms=5.2.1, jmeter-junit=5.2.1, jmeter-java=5.2.1, jmeter-ldap=5.2.1, jmeter-mail=5.2.1, jmeter-mongodb=5.2.1, jmeter-native=5.2.1, jmeter-tcp=5.2.1, jmeter-components=5.2.1, jpgc-standard=2.0]
2020-04-20 19:20:31,043 INFO o.j.r.PluginManagerCMD: Params line is: C:\Repos\GitHub\jmeter\modified_atlasfinal.jmx
2020-04-20 19:20:31,554 INFO o.a.j.s.SaveService: Testplan (JMX) version: 2.2. Testlog (JTL) version: 2.2
2020-04-20 19:20:31,574 INFO o.a.j.s.SaveService: Using SaveService properties file encoding UTF-8
2020-04-20 19:20:31,580 INFO o.a.j.s.SaveService: Using SaveService properties version 5.0
2020-04-20 19:20:31,797 INFO o.a.j.p.h.s.HTTPSamplerBase: Parser for text/html is org.apache.jmeter.protocol.http.parser.LagartoBasedHtmlParser
2020-04-20 19:20:31,797 INFO o.a.j.p.h.s.HTTPSamplerBase: Parser for application/xhtml+xml is org.apache.jmeter.protocol.http.parser.LagartoBasedHtmlParser
2020-04-20 19:20:31,797 INFO o.a.j.p.h.s.HTTPSamplerBase: Parser for application/xml is org.apache.jmeter.protocol.http.parser.LagartoBasedHtmlParser
2020-04-20 19:20:31,797 INFO o.a.j.p.h.s.HTTPSamplerBase: Parser for text/xml is org.apache.jmeter.protocol.http.parser.LagartoBasedHtmlParser
2020-04-20 19:20:31,797 INFO o.a.j.p.h.s.HTTPSamplerBase: Parser for text/vnd.wap.wml is org.apache.jmeter.protocol.http.parser.RegexpHTMLParser
2020-04-20 19:20:31,797 INFO o.a.j.p.h.s.HTTPSamplerBase: Parser for text/css is org.apache.jmeter.protocol.http.parser.CssParser
2020-04-20 19:20:31,898 INFO o.j.r.PluginManager: Finishing without changes


[2020-04-20 19:20:32,825 DEBUG Engine] New artifact filename: C:\Repos\GitHub\jmeter\2020-04-20_19-20-26.400499\jmeter.out
[2020-04-20 19:20:32,826 DEBUG Engine] New artifact filename: C:\Repos\GitHub\jmeter\2020-04-20_19-20-26.400499\jmeter.err
[2020-04-20 19:20:32,829 DEBUG Engine] Module config: final-stats {'class': 'bzt.modules.reporting.FinalStatus'}
[2020-04-20 19:20:32,829 DEBUG root] Importing module: bzt.modules.reporting
[2020-04-20 19:20:32,852 DEBUG root] Loading class: 'FinalStatus' from <module 'bzt.modules.reporting' from 'C:\\MyPrograms\\Taurus\\pkgs\\bzt\\modules\\reporting.py'>
[2020-04-20 19:20:32,852 DEBUG Engine] Module config: console {'class': 'bzt.modules.console.ConsoleStatusReporter'}
[2020-04-20 19:20:32,852 DEBUG root] Importing module: bzt.modules.console
[2020-04-20 19:20:32,852 DEBUG root] Loading class: 'ConsoleStatusReporter' from <module 'bzt.modules.console' from 'C:\\MyPrograms\\Taurus\\pkgs\\bzt\\modules\\console.py'>
[2020-04-20 19:20:32,852 DEBUG Engine.console] Can't use 'console' screen, trying 'gui'
[2020-04-20 19:20:32,860 DEBUG Engine.Configuration] Dumping YAML config into C:\Repos\GitHub\jmeter\2020-04-20_19-20-26.400499\effective.yml
[2020-04-20 19:20:32,889 DEBUG Engine.Configuration] Dumping JSON config into C:\Repos\GitHub\jmeter\2020-04-20_19-20-26.400499\effective.json
[2020-04-20 19:20:32,890 INFO Engine] Starting...
[2020-04-20 19:20:32,890 DEBUG Engine] Startup <bzt.modules.monitoring.Monitoring object at 0x000001499B58BE08>
[2020-04-20 19:20:32,890 DEBUG Engine] Startup <bzt.modules.aggregator.ConsolidatingAggregator object at 0x000001499474B508>
[2020-04-20 19:20:32,890 DEBUG Engine] Startup <bzt.modules.reporting.FinalStatus object at 0x00000149946D9F08>
[2020-04-20 19:20:32,890 DEBUG Engine] Startup <bzt.modules.console.ConsoleStatusReporter object at 0x000001499B6375C8>
[2020-04-20 19:20:32,891 INFO Engine.console] Waiting for results...
[2020-04-20 19:20:32,891 DEBUG Engine] Startup <bzt.modules.provisioning.Local object at 0x00000149947479C8>
[2020-04-20 19:20:32,891 DEBUG Engine.local] Delay setup for jmeter/atlasfinal.jmx: 0(start-at) + 0(delay) = 0
[2020-04-20 19:20:32,893 DEBUG Engine.Configuration] Dumping YAML config into C:\Repos\GitHub\jmeter\2020-04-20_19-20-26.400499\effective.yml
[2020-04-20 19:20:32,911 DEBUG Engine.Configuration] Dumping JSON config into C:\Repos\GitHub\jmeter\2020-04-20_19-20-26.400499\effective.json
[2020-04-20 19:20:32,911 DEBUG root] Leveling down log file verbosity to INFO, use -v option to have DEBUG messages enabled
[2020-04-20 19:20:32,912 DEBUG root] Leveled up log file verbosity
[2020-04-20 19:20:32,913 DEBUG root] Executing shell: ['C:\\Users\\myper\\.bzt\\jmeter-taurus\\5.2.1\\bin\\jmeter.bat', '-t', 'C:\\Repos\\GitHub\\jmeter\\modified_atlasfinal.jmx', '-j', 'C:\\Repos\\GitHub\\jmeter\\2020-04-20_19-20-26.400499\\jmeter.log', '-q', 'C:\\Repos\\GitHub\\jmeter\\2020-04-20_19-20-26.400499\\jmeter-bzt.properties', '-n'] at C:\Repos\GitHub\jmeter
[2020-04-20 19:20:32,917 DEBUG Engine.local] Starting execution: jmeter/atlasfinal.jmx, rest of available slots: 9223372036854775806
[2020-04-20 19:20:32,917 DEBUG root] Leveling down log file verbosity to INFO, use -v option to have DEBUG messages enabled
[2020-04-20 19:20:33,157 INFO Engine.console] Did not mute console logging
[2020-04-20 19:20:33,639 INFO Engine.console] Waiting for finish...
[2020-04-20 19:31:59,898 WARNING Engine] Please wait for graceful shutdown...
[2020-04-20 19:31:59,899 DEBUG root] Leveled up log file verbosity
[2020-04-20 19:31:59,899 INFO Engine] Shutting down...
[2020-04-20 19:31:59,899 DEBUG Engine] Current stop reason: GUI window was closed
[2020-04-20 19:31:59,899 DEBUG Engine.local] Shutdown jmeter/atlasfinal.jmx
[2020-04-20 19:32:00,899 INFO Engine.jmeter] Sending Shutdown command to JMeter on port 4445...
