2020-04-20 19:20:34,717 INFO o.a.j.u.JMeterUtils: Setting Locale to en_EN
2020-04-20 19:20:34,730 INFO o.a.j.JMeter: Loading user properties from: C:\Users\myper\.bzt\jmeter-taurus\5.2.1\bin\user.properties
2020-04-20 19:20:34,733 INFO o.a.j.JMeter: Loading system properties from: C:\Users\myper\.bzt\jmeter-taurus\5.2.1\bin\system.properties
2020-04-20 19:20:34,734 INFO o.a.j.JMeter: Loading additional properties from: C:\Repos\GitHub\jmeter\2020-04-20_19-20-26.400499\jmeter-bzt.properties
2020-04-20 19:20:34,740 INFO o.a.j.JMeter: Copyright (c) 1998-2019 The Apache Software Foundation
2020-04-20 19:20:34,741 INFO o.a.j.JMeter: Version 5.2.1
2020-04-20 19:20:34,741 INFO o.a.j.JMeter: java.version=1.8.0_251
2020-04-20 19:20:34,741 INFO o.a.j.JMeter: java.vm.name=Java HotSpot(TM) 64-Bit Server VM
2020-04-20 19:20:34,741 INFO o.a.j.JMeter: os.name=Windows 10
2020-04-20 19:20:34,741 INFO o.a.j.JMeter: os.arch=amd64
2020-04-20 19:20:34,741 INFO o.a.j.JMeter: os.version=10.0
2020-04-20 19:20:34,741 INFO o.a.j.JMeter: file.encoding=Cp1251
2020-04-20 19:20:34,742 INFO o.a.j.JMeter: java.awt.headless=true
2020-04-20 19:20:34,742 INFO o.a.j.JMeter: Max memory     =1073741824
2020-04-20 19:20:34,742 INFO o.a.j.JMeter: Available Processors =4
2020-04-20 19:20:34,745 INFO o.a.j.JMeter: Default Locale=English (EN)
2020-04-20 19:20:34,746 INFO o.a.j.JMeter: JMeter  Locale=English (EN)
2020-04-20 19:20:34,746 INFO o.a.j.JMeter: JMeterHome=C:\Users\myper\.bzt\jmeter-taurus\5.2.1
2020-04-20 19:20:34,746 INFO o.a.j.JMeter: user.dir  =C:\Repos\GitHub\jmeter
2020-04-20 19:20:34,746 INFO o.a.j.JMeter: PWD       =C:\Repos\GitHub\jmeter
2020-04-20 19:20:34,748 INFO o.a.j.JMeter: IP: 192.168.1.150 Name: DESKTOP-RVNENMJ FullName: DESKTOP-RVNENMJ
2020-04-20 19:20:34,748 INFO o.a.j.JMeter: user.classpath=C:/Repos/GitHub/jmeter/2020-04-20_19-20-26.400499;C:/Repos/GitHub/jmeter
2020-04-20 19:20:34,748 INFO o.a.j.JMeter: Adding to classpath and loader: C:/Repos/GitHub/jmeter/2020-04-20_19-20-26.400499
2020-04-20 19:20:34,749 INFO o.a.j.JMeter: Adding to classpath and loader: C:/Repos/GitHub/jmeter
2020-04-20 19:20:34,757 INFO o.a.j.s.FileServer: Default base='C:\Repos\GitHub\jmeter'
2020-04-20 19:20:34,770 INFO o.a.j.s.FileServer: Set new base='C:\Repos\GitHub\jmeter'
2020-04-20 19:20:34,921 INFO o.a.j.s.SaveService: Testplan (JMX) version: 2.2. Testlog (JTL) version: 2.2
2020-04-20 19:20:34,929 INFO o.a.j.s.SaveService: Using SaveService properties file encoding UTF-8
2020-04-20 19:20:34,936 INFO o.a.j.s.SaveService: Using SaveService properties version 5.0
2020-04-20 19:20:34,944 INFO o.a.j.s.SaveService: Loading file: C:\Repos\GitHub\jmeter\modified_atlasfinal.jmx
2020-04-20 19:20:35,015 INFO o.a.j.p.h.s.HTTPSamplerBase: Parser for text/html is org.apache.jmeter.protocol.http.parser.LagartoBasedHtmlParser
2020-04-20 19:20:35,015 INFO o.a.j.p.h.s.HTTPSamplerBase: Parser for application/xhtml+xml is org.apache.jmeter.protocol.http.parser.LagartoBasedHtmlParser
2020-04-20 19:20:35,015 INFO o.a.j.p.h.s.HTTPSamplerBase: Parser for application/xml is org.apache.jmeter.protocol.http.parser.LagartoBasedHtmlParser
2020-04-20 19:20:35,015 INFO o.a.j.p.h.s.HTTPSamplerBase: Parser for text/xml is org.apache.jmeter.protocol.http.parser.LagartoBasedHtmlParser
2020-04-20 19:20:35,015 INFO o.a.j.p.h.s.HTTPSamplerBase: Parser for text/vnd.wap.wml is org.apache.jmeter.protocol.http.parser.RegexpHTMLParser
2020-04-20 19:20:35,015 INFO o.a.j.p.h.s.HTTPSamplerBase: Parser for text/css is org.apache.jmeter.protocol.http.parser.CssParser
2020-04-20 19:20:35,175 INFO o.a.j.e.StandardJMeterEngine: Running the test!
2020-04-20 19:20:35,177 INFO o.a.j.s.SampleEvent: List of sample_variables: []
2020-04-20 19:20:35,177 INFO o.a.j.s.SampleEvent: List of sample_variables: []
2020-04-20 19:20:35,186 INFO o.a.j.e.u.CompoundVariable: Note: Function class names must contain the string: '.functions.'
2020-04-20 19:20:35,186 INFO o.a.j.e.u.CompoundVariable: Note: Function class names must not contain the string: '.gui.'
2020-04-20 19:20:37,853 INFO o.a.j.JMeter: Running test (1587392437853)
2020-04-20 19:20:37,888 INFO o.a.j.e.StandardJMeterEngine: Starting ThreadGroup: 1 : portal api
2020-04-20 19:20:37,888 INFO o.a.j.e.StandardJMeterEngine: Starting 80 threads for group portal api.
2020-04-20 19:20:37,889 INFO o.a.j.e.StandardJMeterEngine: Thread will continue on error
2020-04-20 19:20:37,889 INFO o.a.j.t.ThreadGroup: Starting thread group... number=1 threads=80 ramp-up=80 delayedStart=false
2020-04-20 19:20:37,993 INFO o.a.j.t.ThreadGroup: Started thread group number 1
2020-04-20 19:20:37,993 INFO o.a.j.e.StandardJMeterEngine: All thread groups have been started
2020-04-20 19:20:38,889 INFO o.a.j.t.JMeterThread: Thread started: portal api 1-1
2020-04-20 19:20:38,911 INFO o.a.j.p.h.s.HTTPHCAbstractImpl: Local host = DESKTOP-RVNENMJ
2020-04-20 19:20:38,920 INFO o.a.j.p.h.s.HTTPHC4Impl: HTTP request retry count = 0
2020-04-20 19:20:38,923 INFO o.a.j.s.SampleResult: Note: Sample TimeStamps are START times
2020-04-20 19:20:38,923 INFO o.a.j.s.SampleResult: sampleresult.default.encoding is set to UTF-8
2020-04-20 19:20:38,923 INFO o.a.j.s.SampleResult: sampleresult.useNanoTime=true
2020-04-20 19:20:38,923 INFO o.a.j.s.SampleResult: sampleresult.nanoThreadSleep=5000
2020-04-20 19:20:39,890 INFO o.a.j.t.JMeterThread: Thread started: portal api 1-2
2020-04-20 19:20:40,890 INFO o.a.j.t.JMeterThread: Thread started: portal api 1-3
2020-04-20 19:20:41,890 INFO o.a.j.t.JMeterThread: Thread started: portal api 1-4
2020-04-20 19:20:42,890 INFO o.a.j.t.JMeterThread: Thread started: portal api 1-5
2020-04-20 19:20:43,889 INFO o.a.j.t.JMeterThread: Thread started: portal api 1-6
2020-04-20 19:20:44,890 INFO o.a.j.t.JMeterThread: Thread started: portal api 1-7
2020-04-20 19:20:45,889 INFO o.a.j.t.JMeterThread: Thread started: portal api 1-8
2020-04-20 19:20:46,890 INFO o.a.j.t.JMeterThread: Thread started: portal api 1-9
2020-04-20 19:20:46,900 INFO o.a.j.u.JsseSSLManager: Using default SSL protocol: TLS
2020-04-20 19:20:46,900 INFO o.a.j.u.JsseSSLManager: SSL session context: per-thread
2020-04-20 19:20:47,889 INFO o.a.j.t.JMeterThread: Thread started: portal api 1-10
2020-04-20 19:20:48,890 INFO o.a.j.t.JMeterThread: Thread started: portal api 1-11
2020-04-20 19:20:49,890 INFO o.a.j.t.JMeterThread: Thread started: portal api 1-12
2020-04-20 19:20:50,889 INFO o.a.j.t.JMeterThread: Thread started: portal api 1-13
2020-04-20 19:20:51,891 INFO o.a.j.t.JMeterThread: Thread started: portal api 1-14
2020-04-20 19:20:52,890 INFO o.a.j.t.JMeterThread: Thread started: portal api 1-15
2020-04-20 19:20:53,890 INFO o.a.j.t.JMeterThread: Thread started: portal api 1-16
2020-04-20 19:20:54,889 INFO o.a.j.t.JMeterThread: Thread started: portal api 1-17
2020-04-20 19:20:55,890 INFO o.a.j.t.JMeterThread: Thread started: portal api 1-18
2020-04-20 19:20:56,889 INFO o.a.j.t.JMeterThread: Thread started: portal api 1-19
2020-04-20 19:20:57,889 INFO o.a.j.t.JMeterThread: Thread started: portal api 1-20
2020-04-20 19:20:58,890 INFO o.a.j.t.JMeterThread: Thread started: portal api 1-21
2020-04-20 19:20:59,889 INFO o.a.j.t.JMeterThread: Thread started: portal api 1-22
2020-04-20 19:21:00,894 INFO o.a.j.t.JMeterThread: Thread started: portal api 1-23
2020-04-20 19:21:01,898 INFO o.a.j.t.JMeterThread: Thread started: portal api 1-24
2020-04-20 19:21:02,889 INFO o.a.j.t.JMeterThread: Thread started: portal api 1-25
2020-04-20 19:21:03,889 INFO o.a.j.t.JMeterThread: Thread started: portal api 1-26
2020-04-20 19:21:04,889 INFO o.a.j.t.JMeterThread: Thread started: portal api 1-27
2020-04-20 19:21:05,890 INFO o.a.j.t.JMeterThread: Thread started: portal api 1-28
2020-04-20 19:21:06,889 INFO o.a.j.t.JMeterThread: Thread started: portal api 1-29
2020-04-20 19:21:07,891 INFO o.a.j.t.JMeterThread: Thread started: portal api 1-30
2020-04-20 19:21:08,891 INFO o.a.j.t.JMeterThread: Thread started: portal api 1-31
2020-04-20 19:21:09,889 INFO o.a.j.t.JMeterThread: Thread started: portal api 1-32
2020-04-20 19:21:10,889 INFO o.a.j.t.JMeterThread: Thread started: portal api 1-33
2020-04-20 19:21:11,889 INFO o.a.j.t.JMeterThread: Thread started: portal api 1-34
2020-04-20 19:21:12,892 INFO o.a.j.t.JMeterThread: Thread started: portal api 1-35
2020-04-20 19:21:13,889 INFO o.a.j.t.JMeterThread: Thread started: portal api 1-36
2020-04-20 19:21:14,892 INFO o.a.j.t.JMeterThread: Thread started: portal api 1-37
2020-04-20 19:21:15,892 INFO o.a.j.t.JMeterThread: Thread started: portal api 1-38
2020-04-20 19:21:16,893 INFO o.a.j.t.JMeterThread: Thread started: portal api 1-39
2020-04-20 19:21:17,893 INFO o.a.j.t.JMeterThread: Thread started: portal api 1-40
2020-04-20 19:21:18,889 INFO o.a.j.t.JMeterThread: Thread started: portal api 1-41
2020-04-20 19:21:19,889 INFO o.a.j.t.JMeterThread: Thread started: portal api 1-42
2020-04-20 19:21:20,890 INFO o.a.j.t.JMeterThread: Thread started: portal api 1-43
2020-04-20 19:21:21,890 INFO o.a.j.t.JMeterThread: Thread started: portal api 1-44
2020-04-20 19:21:22,890 INFO o.a.j.t.JMeterThread: Thread started: portal api 1-45
2020-04-20 19:21:23,892 INFO o.a.j.t.JMeterThread: Thread started: portal api 1-46
2020-04-20 19:21:24,893 INFO o.a.j.t.JMeterThread: Thread started: portal api 1-47
2020-04-20 19:21:25,890 INFO o.a.j.t.JMeterThread: Thread started: portal api 1-48
2020-04-20 19:21:26,889 INFO o.a.j.t.JMeterThread: Thread started: portal api 1-49
2020-04-20 19:21:27,891 INFO o.a.j.t.JMeterThread: Thread started: portal api 1-50
2020-04-20 19:21:28,889 INFO o.a.j.t.JMeterThread: Thread started: portal api 1-51
2020-04-20 19:21:29,890 INFO o.a.j.t.JMeterThread: Thread started: portal api 1-52
2020-04-20 19:21:30,892 INFO o.a.j.t.JMeterThread: Thread started: portal api 1-53
2020-04-20 19:21:31,890 INFO o.a.j.t.JMeterThread: Thread started: portal api 1-54
2020-04-20 19:21:32,889 INFO o.a.j.t.JMeterThread: Thread started: portal api 1-55
2020-04-20 19:21:33,890 INFO o.a.j.t.JMeterThread: Thread started: portal api 1-56
2020-04-20 19:21:34,892 INFO o.a.j.t.JMeterThread: Thread started: portal api 1-57
2020-04-20 19:21:35,894 INFO o.a.j.t.JMeterThread: Thread started: portal api 1-58
2020-04-20 19:21:36,889 INFO o.a.j.t.JMeterThread: Thread started: portal api 1-59
2020-04-20 19:21:37,897 INFO o.a.j.t.JMeterThread: Thread started: portal api 1-60
2020-04-20 19:21:38,890 INFO o.a.j.t.JMeterThread: Thread started: portal api 1-61
2020-04-20 19:21:39,890 INFO o.a.j.t.JMeterThread: Thread started: portal api 1-62
2020-04-20 19:21:40,889 INFO o.a.j.t.JMeterThread: Thread started: portal api 1-63
2020-04-20 19:21:41,889 INFO o.a.j.t.JMeterThread: Thread started: portal api 1-64
2020-04-20 19:21:42,894 INFO o.a.j.t.JMeterThread: Thread started: portal api 1-65
2020-04-20 19:21:43,889 INFO o.a.j.t.JMeterThread: Thread started: portal api 1-66
2020-04-20 19:21:44,890 INFO o.a.j.t.JMeterThread: Thread started: portal api 1-67
2020-04-20 19:21:45,900 INFO o.a.j.t.JMeterThread: Thread started: portal api 1-68
2020-04-20 19:21:46,900 INFO o.a.j.t.JMeterThread: Thread started: portal api 1-69
2020-04-20 19:21:47,899 INFO o.a.j.t.JMeterThread: Thread started: portal api 1-70
2020-04-20 19:21:48,895 INFO o.a.j.t.JMeterThread: Thread started: portal api 1-71
2020-04-20 19:21:49,894 INFO o.a.j.t.JMeterThread: Thread started: portal api 1-72
2020-04-20 19:21:50,894 INFO o.a.j.t.JMeterThread: Thread started: portal api 1-73
2020-04-20 19:21:51,914 INFO o.a.j.t.JMeterThread: Thread started: portal api 1-74
2020-04-20 19:21:52,927 INFO o.a.j.t.JMeterThread: Thread started: portal api 1-75
2020-04-20 19:21:53,896 INFO o.a.j.t.JMeterThread: Thread started: portal api 1-76
2020-04-20 19:21:54,897 INFO o.a.j.t.JMeterThread: Thread started: portal api 1-77
2020-04-20 19:21:55,899 INFO o.a.j.t.JMeterThread: Thread started: portal api 1-78
2020-04-20 19:21:56,898 INFO o.a.j.t.JMeterThread: Thread started: portal api 1-79
2020-04-20 19:21:57,894 INFO o.a.j.t.JMeterThread: Thread started: portal api 1-80
2020-04-20 19:32:00,901 INFO o.a.j.JMeter: Command: Shutdown received from /127.0.0.1
2020-04-20 19:32:00,904 INFO o.a.j.t.JMeterThread: Stopping: portal api 1-23
2020-04-20 19:32:00,904 INFO o.a.j.t.JMeterThread: Stopping: portal api 1-8
2020-04-20 19:32:00,904 INFO o.a.j.t.JMeterThread: Stopping: portal api 1-79
2020-04-20 19:32:00,904 INFO o.a.j.t.JMeterThread: Stopping: portal api 1-14
2020-04-20 19:32:00,904 INFO o.a.j.t.JMeterThread: Stopping: portal api 1-32
2020-04-20 19:32:00,904 INFO o.a.j.t.JMeterThread: Stopping: portal api 1-29
2020-04-20 19:32:00,904 INFO o.a.j.t.JMeterThread: Stopping: portal api 1-10
2020-04-20 19:32:00,904 INFO o.a.j.t.JMeterThread: Stopping: portal api 1-48
2020-04-20 19:32:00,904 INFO o.a.j.t.JMeterThread: Stopping: portal api 1-75
2020-04-20 19:32:00,904 INFO o.a.j.t.JMeterThread: Stopping: portal api 1-76
2020-04-20 19:32:00,905 INFO o.a.j.t.JMeterThread: Stopping: portal api 1-46
2020-04-20 19:32:00,905 INFO o.a.j.t.JMeterThread: Stopping: portal api 1-33
2020-04-20 19:32:00,905 INFO o.a.j.t.JMeterThread: Stopping: portal api 1-47
2020-04-20 19:32:00,905 INFO o.a.j.t.JMeterThread: Stopping: portal api 1-51
2020-04-20 19:32:00,905 INFO o.a.j.t.JMeterThread: Stopping: portal api 1-1
2020-04-20 19:32:00,905 INFO o.a.j.t.JMeterThread: Stopping: portal api 1-39
2020-04-20 19:32:00,905 INFO o.a.j.t.JMeterThread: Stopping: portal api 1-7
2020-04-20 19:32:00,905 INFO o.a.j.t.JMeterThread: Stopping: portal api 1-65
2020-04-20 19:32:00,905 INFO o.a.j.t.JMeterThread: Stopping: portal api 1-74
2020-04-20 19:32:00,905 INFO o.a.j.t.JMeterThread: Stopping: portal api 1-38
2020-04-20 19:32:00,905 INFO o.a.j.t.JMeterThread: Stopping: portal api 1-80
2020-04-20 19:32:00,905 INFO o.a.j.t.JMeterThread: Stopping: portal api 1-4
2020-04-20 19:32:00,905 INFO o.a.j.t.JMeterThread: Stopping: portal api 1-15
2020-04-20 19:32:00,905 INFO o.a.j.t.JMeterThread: Stopping: portal api 1-77
2020-04-20 19:32:00,905 INFO o.a.j.t.JMeterThread: Stopping: portal api 1-13
2020-04-20 19:32:00,905 INFO o.a.j.t.JMeterThread: Stopping: portal api 1-44
2020-04-20 19:32:00,905 INFO o.a.j.t.JMeterThread: Stopping: portal api 1-73
2020-04-20 19:32:00,905 INFO o.a.j.t.JMeterThread: Stopping: portal api 1-57
2020-04-20 19:32:00,905 INFO o.a.j.t.JMeterThread: Stopping: portal api 1-72
2020-04-20 19:32:00,905 INFO o.a.j.t.JMeterThread: Stopping: portal api 1-9
2020-04-20 19:32:00,905 INFO o.a.j.t.JMeterThread: Stopping: portal api 1-45
2020-04-20 19:32:00,905 INFO o.a.j.t.JMeterThread: Stopping: portal api 1-11
2020-04-20 19:32:00,906 INFO o.a.j.t.JMeterThread: Stopping: portal api 1-36
2020-04-20 19:32:00,906 INFO o.a.j.t.JMeterThread: Stopping: portal api 1-35
2020-04-20 19:32:00,906 INFO o.a.j.t.JMeterThread: Stopping: portal api 1-40
2020-04-20 19:32:00,906 INFO o.a.j.t.JMeterThread: Stopping: portal api 1-52
2020-04-20 19:32:00,906 INFO o.a.j.t.JMeterThread: Stopping: portal api 1-64
2020-04-20 19:32:00,906 INFO o.a.j.t.JMeterThread: Stopping: portal api 1-22
2020-04-20 19:32:00,906 INFO o.a.j.t.JMeterThread: Stopping: portal api 1-60
2020-04-20 19:32:00,906 INFO o.a.j.t.JMeterThread: Stopping: portal api 1-20
2020-04-20 19:32:00,906 INFO o.a.j.t.JMeterThread: Stopping: portal api 1-31
2020-04-20 19:32:00,906 INFO o.a.j.t.JMeterThread: Stopping: portal api 1-61
2020-04-20 19:32:00,906 INFO o.a.j.t.JMeterThread: Stopping: portal api 1-67
2020-04-20 19:32:00,906 INFO o.a.j.t.JMeterThread: Stopping: portal api 1-12
2020-04-20 19:32:00,906 INFO o.a.j.t.JMeterThread: Stopping: portal api 1-42
2020-04-20 19:32:00,906 INFO o.a.j.t.JMeterThread: Stopping: portal api 1-55
2020-04-20 19:32:00,906 INFO o.a.j.t.JMeterThread: Stopping: portal api 1-25
2020-04-20 19:32:00,907 INFO o.a.j.t.JMeterThread: Stopping: portal api 1-28
2020-04-20 19:32:00,907 INFO o.a.j.t.JMeterThread: Stopping: portal api 1-5
2020-04-20 19:32:00,907 INFO o.a.j.t.JMeterThread: Stopping: portal api 1-63
2020-04-20 19:32:00,907 INFO o.a.j.t.JMeterThread: Stopping: portal api 1-16
2020-04-20 19:32:00,907 INFO o.a.j.t.JMeterThread: Stopping: portal api 1-30
2020-04-20 19:32:00,907 INFO o.a.j.t.JMeterThread: Stopping: portal api 1-24
2020-04-20 19:32:00,907 INFO o.a.j.t.JMeterThread: Stopping: portal api 1-49
2020-04-20 19:32:00,907 INFO o.a.j.t.JMeterThread: Stopping: portal api 1-41
2020-04-20 19:32:00,907 INFO o.a.j.t.JMeterThread: Stopping: portal api 1-71
2020-04-20 19:32:00,907 INFO o.a.j.t.JMeterThread: Stopping: portal api 1-62
2020-04-20 19:32:00,907 INFO o.a.j.t.JMeterThread: Stopping: portal api 1-43
2020-04-20 19:32:00,907 INFO o.a.j.t.JMeterThread: Stopping: portal api 1-68
2020-04-20 19:32:00,908 INFO o.a.j.t.JMeterThread: Stopping: portal api 1-17
2020-04-20 19:32:00,908 INFO o.a.j.t.JMeterThread: Stopping: portal api 1-37
2020-04-20 19:32:00,908 INFO o.a.j.t.JMeterThread: Stopping: portal api 1-2
2020-04-20 19:32:00,908 INFO o.a.j.t.JMeterThread: Stopping: portal api 1-56
2020-04-20 19:32:00,908 INFO o.a.j.t.JMeterThread: Stopping: portal api 1-59
2020-04-20 19:32:00,908 INFO o.a.j.t.JMeterThread: Stopping: portal api 1-53
2020-04-20 19:32:00,908 INFO o.a.j.t.JMeterThread: Stopping: portal api 1-58
2020-04-20 19:32:00,908 INFO o.a.j.t.JMeterThread: Stopping: portal api 1-69
2020-04-20 19:32:00,908 INFO o.a.j.t.JMeterThread: Stopping: portal api 1-50
2020-04-20 19:32:00,908 INFO o.a.j.t.JMeterThread: Stopping: portal api 1-34
2020-04-20 19:32:00,908 INFO o.a.j.t.JMeterThread: Stopping: portal api 1-6
2020-04-20 19:32:00,908 INFO o.a.j.t.JMeterThread: Stopping: portal api 1-26
2020-04-20 19:32:00,908 INFO o.a.j.t.JMeterThread: Stopping: portal api 1-18
2020-04-20 19:32:00,908 INFO o.a.j.t.JMeterThread: Stopping: portal api 1-19
2020-04-20 19:32:00,908 INFO o.a.j.t.JMeterThread: Stopping: portal api 1-21
2020-04-20 19:32:00,908 INFO o.a.j.t.JMeterThread: Stopping: portal api 1-54
2020-04-20 19:32:00,909 INFO o.a.j.t.JMeterThread: Stopping: portal api 1-27
2020-04-20 19:32:00,909 INFO o.a.j.t.JMeterThread: Stopping: portal api 1-66
2020-04-20 19:32:00,909 INFO o.a.j.t.JMeterThread: Stopping: portal api 1-70
2020-04-20 19:32:00,909 INFO o.a.j.t.JMeterThread: Stopping: portal api 1-78
2020-04-20 19:32:00,909 INFO o.a.j.t.JMeterThread: Stopping: portal api 1-3
2020-04-20 19:32:00,917 INFO o.a.j.t.JMeterThread: Thread finished: portal api 1-46
2020-04-20 19:32:00,919 INFO o.a.j.t.JMeterThread: Thread finished: portal api 1-6
2020-04-20 19:32:00,920 INFO o.a.j.t.JMeterThread: Thread finished: portal api 1-76
2020-04-20 19:32:00,931 INFO o.a.j.t.JMeterThread: Thread finished: portal api 1-56
2020-04-20 19:32:00,952 INFO o.a.j.t.JMeterThread: Thread finished: portal api 1-11
2020-04-20 19:32:00,954 INFO o.a.j.t.JMeterThread: Thread finished: portal api 1-45
2020-04-20 19:32:00,956 INFO o.a.j.t.JMeterThread: Thread finished: portal api 1-49
2020-04-20 19:32:00,963 INFO o.a.j.t.JMeterThread: Thread finished: portal api 1-41
2020-04-20 19:32:00,972 INFO o.a.j.t.JMeterThread: Thread finished: portal api 1-8
2020-04-20 19:32:00,973 INFO o.a.j.t.JMeterThread: Thread finished: portal api 1-38
2020-04-20 19:32:01,013 INFO o.a.j.t.JMeterThread: Thread finished: portal api 1-65
2020-04-20 19:32:01,049 INFO o.a.j.t.JMeterThread: Thread finished: portal api 1-39
2020-04-20 19:32:01,060 INFO o.a.j.t.JMeterThread: Thread finished: portal api 1-34
2020-04-20 19:32:01,062 INFO o.a.j.t.JMeterThread: Thread finished: portal api 1-13
2020-04-20 19:32:01,062 INFO o.a.j.t.JMeterThread: Thread finished: portal api 1-58
2020-04-20 19:32:01,078 INFO o.a.j.t.JMeterThread: Thread finished: portal api 1-9
2020-04-20 19:32:01,086 INFO o.a.j.t.JMeterThread: Thread finished: portal api 1-29
2020-04-20 19:32:01,095 INFO o.a.j.t.JMeterThread: Thread finished: portal api 1-27
2020-04-20 19:32:01,103 INFO o.a.j.t.JMeterThread: Thread finished: portal api 1-70
2020-04-20 19:32:01,114 INFO o.a.j.t.JMeterThread: Thread finished: portal api 1-36
2020-04-20 19:32:01,154 INFO o.a.j.t.JMeterThread: Thread finished: portal api 1-18
2020-04-20 19:32:01,155 INFO o.a.j.t.JMeterThread: Thread finished: portal api 1-72
2020-04-20 19:32:01,162 INFO o.a.j.t.JMeterThread: Thread finished: portal api 1-37
2020-04-20 19:32:01,166 INFO o.a.j.t.JMeterThread: Thread finished: portal api 1-22
2020-04-20 19:32:01,174 INFO o.a.j.t.JMeterThread: Thread finished: portal api 1-62
2020-04-20 19:32:01,176 INFO o.a.j.t.JMeterThread: Thread finished: portal api 1-35
2020-04-20 19:32:01,186 INFO o.a.j.t.JMeterThread: Thread finished: portal api 1-44
2020-04-20 19:32:01,199 INFO o.a.j.t.JMeterThread: Thread finished: portal api 1-25
2020-04-20 19:32:01,226 INFO o.a.j.t.JMeterThread: Thread finished: portal api 1-1
2020-04-20 19:32:01,231 INFO o.a.j.t.JMeterThread: Thread finished: portal api 1-40
2020-04-20 19:32:01,245 INFO o.a.j.t.JMeterThread: Thread finished: portal api 1-2
2020-04-20 19:32:01,245 INFO o.a.j.t.JMeterThread: Thread finished: portal api 1-17
2020-04-20 19:32:01,273 INFO o.a.j.t.JMeterThread: Thread finished: portal api 1-73
2020-04-20 19:32:01,286 INFO o.a.j.t.JMeterThread: Thread finished: portal api 1-4
2020-04-20 19:32:01,297 INFO o.a.j.t.JMeterThread: Thread finished: portal api 1-24
2020-04-20 19:32:01,297 INFO o.a.j.t.JMeterThread: Thread finished: portal api 1-52
2020-04-20 19:32:01,313 INFO o.a.j.t.JMeterThread: Thread finished: portal api 1-51
2020-04-20 19:32:01,355 INFO o.a.j.t.JMeterThread: Thread finished: portal api 1-69
2020-04-20 19:32:01,358 INFO o.a.j.t.JMeterThread: Thread finished: portal api 1-28
2020-04-20 19:32:01,358 INFO o.a.j.t.JMeterThread: Thread finished: portal api 1-53
2020-04-20 19:32:01,361 INFO o.a.j.t.JMeterThread: Thread finished: portal api 1-43
2020-04-20 19:32:01,369 INFO o.a.j.t.JMeterThread: Thread finished: portal api 1-79
2020-04-20 19:32:01,371 INFO o.a.j.t.JMeterThread: Thread finished: portal api 1-5
2020-04-20 19:32:01,386 INFO o.a.j.t.JMeterThread: Thread finished: portal api 1-75
2020-04-20 19:32:01,394 INFO o.a.j.t.JMeterThread: Thread finished: portal api 1-33
2020-04-20 19:32:01,419 INFO o.a.j.t.JMeterThread: Thread finished: portal api 1-77
2020-04-20 19:32:01,425 INFO o.a.j.t.JMeterThread: Thread finished: portal api 1-68
2020-04-20 19:32:01,425 INFO o.a.j.t.JMeterThread: Thread finished: portal api 1-20
2020-04-20 19:32:01,447 INFO o.a.j.t.JMeterThread: Thread finished: portal api 1-80
2020-04-20 19:32:01,459 INFO o.a.j.t.JMeterThread: Thread finished: portal api 1-19
2020-04-20 19:32:01,501 INFO o.a.j.t.JMeterThread: Thread finished: portal api 1-16
2020-04-20 19:32:01,518 INFO o.a.j.t.JMeterThread: Thread finished: portal api 1-66
2020-04-20 19:32:01,518 INFO o.a.j.t.JMeterThread: Thread finished: portal api 1-31
2020-04-20 19:32:01,532 INFO o.a.j.t.JMeterThread: Thread finished: portal api 1-55
2020-04-20 19:32:01,534 INFO o.a.j.t.JMeterThread: Thread finished: portal api 1-21
2020-04-20 19:32:01,556 INFO o.a.j.t.JMeterThread: Thread finished: portal api 1-30
2020-04-20 19:32:01,561 INFO o.a.j.t.JMeterThread: Thread finished: portal api 1-12
2020-04-20 19:32:01,569 INFO o.a.j.t.JMeterThread: Thread finished: portal api 1-26
2020-04-20 19:32:01,582 INFO o.a.j.t.JMeterThread: Thread finished: portal api 1-71
2020-04-20 19:32:01,586 INFO o.a.j.t.JMeterThread: Thread finished: portal api 1-47
2020-04-20 19:32:01,590 INFO o.a.j.t.JMeterThread: Thread finished: portal api 1-50
2020-04-20 19:32:01,596 INFO o.a.j.t.JMeterThread: Thread finished: portal api 1-15
2020-04-20 19:32:01,597 INFO o.a.j.t.JMeterThread: Thread finished: portal api 1-67
2020-04-20 19:32:01,616 INFO o.a.j.t.JMeterThread: Thread finished: portal api 1-64
2020-04-20 19:32:01,628 INFO o.a.j.t.JMeterThread: Thread finished: portal api 1-74
2020-04-20 19:32:01,635 INFO o.a.j.t.JMeterThread: Thread finished: portal api 1-59
2020-04-20 19:32:01,647 INFO o.a.j.t.JMeterThread: Thread finished: portal api 1-10
2020-04-20 19:32:01,708 INFO o.a.j.t.JMeterThread: Thread finished: portal api 1-63
2020-04-20 19:32:01,720 INFO o.a.j.t.JMeterThread: Thread finished: portal api 1-61
2020-04-20 19:32:01,733 INFO o.a.j.t.JMeterThread: Thread finished: portal api 1-60
2020-04-20 19:32:01,765 INFO o.a.j.t.JMeterThread: Thread finished: portal api 1-57
2020-04-20 19:32:01,768 INFO o.a.j.t.JMeterThread: Thread finished: portal api 1-48
2020-04-20 19:32:01,797 INFO o.a.j.t.JMeterThread: Thread finished: portal api 1-3
2020-04-20 19:32:01,798 INFO o.a.j.t.JMeterThread: Thread finished: portal api 1-42
2020-04-20 19:32:01,800 INFO o.a.j.t.JMeterThread: Thread finished: portal api 1-14
2020-04-20 19:32:01,802 INFO o.a.j.t.JMeterThread: Thread finished: portal api 1-54
2020-04-20 19:32:01,805 INFO o.a.j.t.JMeterThread: Thread finished: portal api 1-78
2020-04-20 19:32:01,816 INFO o.a.j.t.JMeterThread: Thread finished: portal api 1-7
2020-04-20 19:32:01,820 INFO o.a.j.t.JMeterThread: Thread finished: portal api 1-23
2020-04-20 19:32:01,844 INFO o.a.j.t.JMeterThread: Thread finished: portal api 1-32
2020-04-20 19:32:01,844 INFO o.a.j.e.StandardJMeterEngine: Notifying test listeners of end of test
2020-04-20 19:32:01,846 INFO o.a.j.e.StandardJMeterEngine: Forced JVM shutdown requested at end of test
