[2020-04-21 01:40:42,384 INFO root] Taurus CLI Tool v1.14.2
[2020-04-21 01:40:42,384 DEBUG root] Command-line options: {'log': 'C:\\Users\\myper\\AppData\\Local\\Temp\\bzt_tn619qk4.log', 'option': None, 'quiet': None, 'verbose': None, 'no_system_configs': None, 'aliases': []}
[2020-04-21 01:40:42,385 DEBUG root] Python: CPython 3.7.5
[2020-04-21 01:40:42,385 DEBUG root] Rev: 6cd8ae68844d2aa3e9428ed7317e9cf44c3943ad; OS: uname_result(system='Windows', node='DESKTOP-RVNENMJ', release='10', version='10.0.18362', machine='AMD64', processor='Intel64 Family 6 Model 94 Stepping 3, GenuineIntel')
[2020-04-21 01:40:42,385 DEBUG root] Adding JMX shorthand config for: ['atlasfinal.jmx']
[2020-04-21 01:40:42,386 DEBUG root] Dumping JSON config into C:\Users\myper\AppData\Local\Temp\jmx_fypd58ba.json
[2020-04-21 01:40:42,386 INFO root] Starting with configs: ['C:\\Users\\myper\\AppData\\Local\\Temp\\jmx_fypd58ba.json']
[2020-04-21 01:40:42,386 DEBUG root] Using personal config: C:\Users\myper\.bzt-rc
[2020-04-21 01:40:42,386 INFO Engine] Configuring...
[2020-04-21 01:40:42,409 DEBUG Engine] Base configs list: ['C:\\MyPrograms\\Taurus\\pkgs\\bzt\\resources/10-base-config.yml']
[2020-04-21 01:40:42,409 DEBUG Engine.Configuration] Configs: ['C:\\MyPrograms\\Taurus\\pkgs\\bzt\\resources/10-base-config.yml']
[2020-04-21 01:40:42,409 DEBUG Engine.Configuration] Reading C:\MyPrograms\Taurus\pkgs\bzt\resources/10-base-config.yml as YAML
[2020-04-21 01:40:42,431 DEBUG Engine] User configs list: ['C:\\Users\\myper\\.bzt-rc', 'C:\\Users\\myper\\AppData\\Local\\Temp\\jmx_fypd58ba.json']
[2020-04-21 01:40:42,431 DEBUG Engine.Configuration] Configs: ['C:\\Users\\myper\\.bzt-rc', 'C:\\Users\\myper\\AppData\\Local\\Temp\\jmx_fypd58ba.json']
[2020-04-21 01:40:42,432 DEBUG Engine.Configuration] Reading C:\Users\myper\.bzt-rc as YAML
[2020-04-21 01:40:42,435 DEBUG Engine.Configuration] Reading C:\Users\myper\AppData\Local\Temp\jmx_fypd58ba.json as YAML
[2020-04-21 01:40:42,436 DEBUG Engine.Configuration] Configs: ['C:\\Users\\myper\\.bzt-rc', 'C:\\Users\\myper\\AppData\\Local\\Temp\\jmx_fypd58ba.json']
[2020-04-21 01:40:42,436 DEBUG Engine.Configuration] Reading C:\Users\myper\.bzt-rc as YAML
[2020-04-21 01:40:42,440 DEBUG Engine.Configuration] Reading C:\Users\myper\AppData\Local\Temp\jmx_fypd58ba.json as YAML
[2020-04-21 01:40:42,446 DEBUG Engine] Requesting updates info: https://gettaurus.org/updates/?version=1.14.2&installID=windows-1c1b0d6bad78
[2020-04-21 01:40:42,446 INFO Engine] Artifacts dir: C:\Repos\GitHub\jmeter\2020-04-21_01-40-42.446358
[2020-04-21 01:40:42,446 DEBUG HTTPClient] Making HTTP request GET https://gettaurus.org/updates/?version=1.14.2&installID=windows-1c1b0d6bad78
[2020-04-21 01:40:42,447 DEBUG Engine] New artifact filename: C:\Repos\GitHub\jmeter\2020-04-21_01-40-42.446358\effective
[2020-04-21 01:40:42,449 DEBUG Engine.Configuration] Dumping YAML config into C:\Repos\GitHub\jmeter\2020-04-21_01-40-42.446358\effective.yml
[2020-04-21 01:40:42,462 DEBUG urllib3.connectionpool] Starting new HTTPS connection (1): gettaurus.org:443
[2020-04-21 01:40:42,463 DEBUG Engine.Configuration] Dumping JSON config into C:\Repos\GitHub\jmeter\2020-04-21_01-40-42.446358\effective.json
[2020-04-21 01:40:42,464 DEBUG Engine] New artifact filename: C:\Repos\GitHub\jmeter\2020-04-21_01-40-42.446358\merged.yml
[2020-04-21 01:40:42,465 DEBUG Engine.Configuration] Dumping YAML config into C:\Repos\GitHub\jmeter\2020-04-21_01-40-42.446358\merged.yml
[2020-04-21 01:40:42,465 DEBUG Engine] New artifact filename: C:\Repos\GitHub\jmeter\2020-04-21_01-40-42.446358\merged.json
[2020-04-21 01:40:42,466 DEBUG Engine.Configuration] Dumping JSON config into C:\Repos\GitHub\jmeter\2020-04-21_01-40-42.446358\merged.json
[2020-04-21 01:40:42,466 DEBUG Engine] Add existing artifact (move=False): C:\Users\myper\AppData\Local\Temp\jmx_fypd58ba.json
[2020-04-21 01:40:42,466 DEBUG Engine] Copying C:\Users\myper\AppData\Local\Temp\jmx_fypd58ba.json to C:\Repos\GitHub\jmeter\2020-04-21_01-40-42.446358\jmx_fypd58ba.json
[2020-04-21 01:40:42,468 DEBUG root] Closing log handler: C:\Users\myper\AppData\Local\Temp\bzt_tn619qk4.log
[2020-04-21 01:40:42,469 DEBUG root] Switched writing logs to C:\Repos\GitHub\jmeter\2020-04-21_01-40-42.446358\bzt.log
[2020-04-21 01:40:42,469 DEBUG root] Linting config
[2020-04-21 01:40:42,471 INFO Engine] Preparing...
[2020-04-21 01:40:42,471 DEBUG Engine] Module config: consolidator {'class': 'bzt.modules.aggregator.ConsolidatingAggregator'}
[2020-04-21 01:40:42,471 DEBUG root] Importing module: bzt.modules.aggregator
[2020-04-21 01:40:42,599 DEBUG root] Loading class: 'ConsolidatingAggregator' from <module 'bzt.modules.aggregator' from 'C:\\MyPrograms\\Taurus\\pkgs\\bzt\\modules\\aggregator.py'>
[2020-04-21 01:40:42,599 DEBUG Engine.consolidator] Buffer scaling setup: percentile 95.0 from [0.0, 50.0, 90.0, 95.0, 99.0, 99.9, 100.0] selected
[2020-04-21 01:40:42,599 DEBUG Engine] Module config: monitoring {'class': 'bzt.modules.monitoring.Monitoring'}
[2020-04-21 01:40:42,599 DEBUG root] Importing module: bzt.modules.monitoring
[2020-04-21 01:40:42,601 DEBUG root] Loading class: 'Monitoring' from <module 'bzt.modules.monitoring' from 'C:\\MyPrograms\\Taurus\\pkgs\\bzt\\modules\\monitoring.py'>
[2020-04-21 01:40:42,601 DEBUG Engine] Module config: local {'class': 'bzt.modules.provisioning.Local'}
[2020-04-21 01:40:42,602 DEBUG root] Importing module: bzt.modules.provisioning
[2020-04-21 01:40:42,602 DEBUG root] Loading class: 'Local' from <module 'bzt.modules.provisioning' from 'C:\\MyPrograms\\Taurus\\pkgs\\bzt\\modules\\provisioning.py'>
[2020-04-21 01:40:42,602 DEBUG Engine] Module config: jmeter {'class': 'bzt.modules.jmeter.JMeterExecutor', 'protocol-handlers': {'http': 'bzt.jmx.http.HTTPProtocolHandler'}, 'plugins': ['jpgc-casutg', 'jpgc-dummy', 'jpgc-ffw', 'jpgc-fifo', 'jpgc-functions', 'jpgc-json', 'jpgc-perfmon', 'jpgc-prmctl', 'jpgc-tst'], 'properties': {'jmeter.save.saveservice.autoflush': 'true', 'jmeter.save.saveservice.connect_time': 'true', 'jmeterengine.force.system.exit': 'true', 'summariser.name': ''}}
[2020-04-21 01:40:42,602 DEBUG root] Importing module: bzt.modules.jmeter
[2020-04-21 01:40:42,613 DEBUG root] Loading class: 'JMeterExecutor' from <module 'bzt.modules.jmeter' from 'C:\\MyPrograms\\Taurus\\pkgs\\bzt\\modules\\jmeter.py'>
[2020-04-21 01:40:42,613 DEBUG Engine.local] Preparing executor: jmeter/2146638227400
[2020-04-21 01:40:42,613 DEBUG Engine] New artifact filename: C:\Repos\GitHub\jmeter\2020-04-21_01-40-42.446358\jmeter.log
[2020-04-21 01:40:42,613 DEBUG Engine.jmeter] Checking if port 4445 is free
[2020-04-21 01:40:42,614 DEBUG Engine.jmeter] Port 4445 is free
[2020-04-21 01:40:42,614 DEBUG Engine.jmeter] Using port 4445 for management
[2020-04-21 01:40:42,614 DEBUG Engine.jmeter] Extract {'script': 'atlasfinal.jmx'} into scenarios
[2020-04-21 01:40:42,614 DEBUG Engine.jmeter] Additional properties: {'jmeter.save.saveservice.autoflush': 'true', 'jmeter.save.saveservice.connect_time': 'true', 'jmeterengine.force.system.exit': 'true', 'summariser.name': '', 'jmeterengine.nongui.port': 4445, 'jmeterengine.nongui.maxport': 4445, 'jmeter.save.saveservice.timestamp_format': 'ms', 'sampleresult.default.encoding': 'UTF-8', 'user.classpath': 'C:/Repos/GitHub/jmeter/2020-04-21_01-40-42.446358;C:/Repos/GitHub/jmeter'}
[2020-04-21 01:40:42,615 DEBUG Engine] New artifact filename: C:\Repos\GitHub\jmeter\2020-04-21_01-40-42.446358\jmeter-bzt.properties
[2020-04-21 01:40:42,615 DEBUG Engine.jmeter.JavaVM] Trying JavaVM: ['java', '-version']
[2020-04-21 01:40:42,616 DEBUG root] Executing shell: ['java', '-version'] at .
[2020-04-21 01:40:42,704 DEBUG Engine.jmeter.JavaVM] JavaVM output: java version "1.8.0_251"
Java(TM) SE Runtime Environment (build 1.8.0_251-b08)
Java HotSpot(TM) 64-Bit Server VM (build 25.251-b08, mixed mode)

[2020-04-21 01:40:42,705 DEBUG Engine.jmeter.TclLibrary] Checking if TCL_LIBRARY variable is present in environment
[2020-04-21 01:40:42,705 DEBUG Engine.jmeter.TclLibrary] TCL_LIBRARY environment variable is present
[2020-04-21 01:40:42,705 DEBUG Engine.jmeter.JMeter] Trying JMeter..
[2020-04-21 01:40:42,706 DEBUG root] Executing shell: ['C:\\Users\\myper\\.bzt\\jmeter-taurus\\5.2.1\\bin\\jmeter.bat', '-j', 'C:\\Users\\myper\\AppData\\Local\\Temp\\jmetersvv7uf7vlog', '--version'] at .
[2020-04-21 01:40:43,449 DEBUG urllib3.connectionpool] https://gettaurus.org:443 "GET /updates/?version=1.14.2&installID=windows-1c1b0d6bad78 HTTP/1.1" 200 40
[2020-04-21 01:40:43,450 DEBUG Engine] Taurus updates info: {'latest': '1.14.2', 'needsUpgrade': False}
[2020-04-21 01:40:43,450 DEBUG Engine] Installation is up-to-date
[2020-04-21 01:40:44,314 DEBUG Engine.jmeter.JMeter] JMeter check:     _    ____   _    ____ _   _ _____       _ __  __ _____ _____ _____ ____
   / \  |  _ \ / \  / ___| | | | ____|     | |  \/  | ____|_   _| ____|  _ \
  / _ \ | |_) / _ \| |   | |_| |  _|    _  | | |\/| |  _|   | | |  _| | |_) |
 / ___ \|  __/ ___ \ |___|  _  | |___  | |_| | |  | | |___  | | | |___|  _ <
/_/   \_\_| /_/   \_\____|_| |_|_____|  \___/|_|  |_|_____| |_| |_____|_| \_\ 5.2.1

Copyright (c) 1999-2019 The Apache Software Foundation

 / 
[2020-04-21 01:40:44,349 DEBUG Engine] New artifact filename: C:\Repos\GitHub\jmeter\2020-04-21_01-40-42.446358\kpi.jtl
[2020-04-21 01:40:44,351 DEBUG Engine] New artifact filename: C:\Repos\GitHub\jmeter\2020-04-21_01-40-42.446358\error.jtl
[2020-04-21 01:40:44,362 DEBUG Engine.jmeter.LoadSettingsProcessor] Load: LoadSpec(concurrency=None, throughput=None, ramp_up=None, hold=0, iterations=1, duration=None, steps=None)
[2020-04-21 01:40:44,362 DEBUG Engine.jmeter.LoadSettingsProcessor] Thread group detection: duration not found, regular ThreadGroup will be used
[2020-04-21 01:40:44,362 DEBUG Engine.jmeter.LoadSettingsProcessor] No iterations/concurrency/duration found, thread group modification is skipped
[2020-04-21 01:40:44,363 DEBUG JMX] Saving JMX to: C:\Repos\GitHub\jmeter\modified_atlasfinal-2.jmx
[2020-04-21 01:40:44,371 DEBUG root] Executing shell: ['C:\\Users\\myper\\.bzt\\jmeter-taurus\\5.2.1\\bin\\PluginsManagerCMD.bat', 'install-for-jmx', 'C:\\Repos\\GitHub\\jmeter\\modified_atlasfinal-2.jmx'] at .
[2020-04-21 01:40:47,921 DEBUG Engine.jmeter.JMeter] Try to detect plugins for C:\Repos\GitHub\jmeter\modified_atlasfinal-2.jmx
2020-04-21 01:40:45,757 INFO o.j.r.PluginManagerCMD: Command is: install-for-jmx
2020-04-21 01:40:46,178 INFO o.j.r.JARSourceHTTP: Found cached repo
2020-04-21 01:40:46,337 INFO o.j.r.PluginManager: Plugins Status: [jpgc-graphs-basic=2.0, jpgc-graphs-additional=2.0, jpgc-functions=2.1, jpgc-casutg=2.9, jpgc-dummy=0.4, jpgc-ffw=2.0, jpgc-fifo=0.2, jpgc-json=2.7, jpgc-prmctl=0.4, jpgc-perfmon=2.1, jpgc-plugins-manager=1.3, jpgc-tst=2.5, jmeter-core=5.2.1, jmeter-ftp=5.2.1, jmeter-http=5.2.1, jmeter-jdbc=5.2.1, jmeter-jms=5.2.1, jmeter-junit=5.2.1, jmeter-java=5.2.1, jmeter-ldap=5.2.1, jmeter-mail=5.2.1, jmeter-mongodb=5.2.1, jmeter-native=5.2.1, jmeter-tcp=5.2.1, jmeter-components=5.2.1, jpgc-standard=2.0]
2020-04-21 01:40:46,339 INFO o.j.r.PluginManagerCMD: Params line is: C:\Repos\GitHub\jmeter\modified_atlasfinal-2.jmx
2020-04-21 01:40:46,710 INFO o.a.j.s.SaveService: Testplan (JMX) version: 2.2. Testlog (JTL) version: 2.2
2020-04-21 01:40:46,717 INFO o.a.j.s.SaveService: Using SaveService properties file encoding UTF-8
2020-04-21 01:40:46,721 INFO o.a.j.s.SaveService: Using SaveService properties version 5.0
2020-04-21 01:40:46,862 INFO o.a.j.p.h.s.HTTPSamplerBase: Parser for text/html is org.apache.jmeter.protocol.http.parser.LagartoBasedHtmlParser
2020-04-21 01:40:46,863 INFO o.a.j.p.h.s.HTTPSamplerBase: Parser for application/xhtml+xml is org.apache.jmeter.protocol.http.parser.LagartoBasedHtmlParser
2020-04-21 01:40:46,863 INFO o.a.j.p.h.s.HTTPSamplerBase: Parser for application/xml is org.apache.jmeter.protocol.http.parser.LagartoBasedHtmlParser
2020-04-21 01:40:46,863 INFO o.a.j.p.h.s.HTTPSamplerBase: Parser for text/xml is org.apache.jmeter.protocol.http.parser.LagartoBasedHtmlParser
2020-04-21 01:40:46,863 INFO o.a.j.p.h.s.HTTPSamplerBase: Parser for text/vnd.wap.wml is org.apache.jmeter.protocol.http.parser.RegexpHTMLParser
2020-04-21 01:40:46,863 INFO o.a.j.p.h.s.HTTPSamplerBase: Parser for text/css is org.apache.jmeter.protocol.http.parser.CssParser
2020-04-21 01:40:46,918 INFO o.j.r.PluginManager: Finishing without changes


[2020-04-21 01:40:47,921 DEBUG Engine] New artifact filename: C:\Repos\GitHub\jmeter\2020-04-21_01-40-42.446358\jmeter.out
[2020-04-21 01:40:47,922 DEBUG Engine] New artifact filename: C:\Repos\GitHub\jmeter\2020-04-21_01-40-42.446358\jmeter.err
[2020-04-21 01:40:47,926 DEBUG Engine] Module config: final-stats {'class': 'bzt.modules.reporting.FinalStatus'}
[2020-04-21 01:40:47,927 DEBUG root] Importing module: bzt.modules.reporting
[2020-04-21 01:40:47,938 DEBUG root] Loading class: 'FinalStatus' from <module 'bzt.modules.reporting' from 'C:\\MyPrograms\\Taurus\\pkgs\\bzt\\modules\\reporting.py'>
[2020-04-21 01:40:47,938 DEBUG Engine] Module config: console {'class': 'bzt.modules.console.ConsoleStatusReporter'}
[2020-04-21 01:40:47,938 DEBUG root] Importing module: bzt.modules.console
[2020-04-21 01:40:47,938 DEBUG root] Loading class: 'ConsoleStatusReporter' from <module 'bzt.modules.console' from 'C:\\MyPrograms\\Taurus\\pkgs\\bzt\\modules\\console.py'>
[2020-04-21 01:40:47,938 DEBUG Engine.console] Can't use 'console' screen, trying 'gui'
[2020-04-21 01:40:47,944 DEBUG Engine.Configuration] Dumping YAML config into C:\Repos\GitHub\jmeter\2020-04-21_01-40-42.446358\effective.yml
[2020-04-21 01:40:47,965 DEBUG Engine.Configuration] Dumping JSON config into C:\Repos\GitHub\jmeter\2020-04-21_01-40-42.446358\effective.json
[2020-04-21 01:40:47,965 INFO Engine] Starting...
[2020-04-21 01:40:47,966 DEBUG Engine] Startup <bzt.modules.monitoring.Monitoring object at 0x000001F3CD98FA48>
[2020-04-21 01:40:47,966 DEBUG Engine] Startup <bzt.modules.aggregator.ConsolidatingAggregator object at 0x000001F3C6B06848>
[2020-04-21 01:40:47,966 DEBUG Engine] Startup <bzt.modules.reporting.FinalStatus object at 0x000001F3CD8A3E08>
[2020-04-21 01:40:47,966 DEBUG Engine] Startup <bzt.modules.console.ConsoleStatusReporter object at 0x000001F3CCF67C48>
[2020-04-21 01:40:47,966 INFO Engine.console] Waiting for results...
[2020-04-21 01:40:47,967 DEBUG Engine] Startup <bzt.modules.provisioning.Local object at 0x000001F3C6B3DCC8>
[2020-04-21 01:40:47,967 DEBUG Engine.local] Delay setup for jmeter/atlasfinal.jmx: 0(start-at) + 0(delay) = 0
[2020-04-21 01:40:47,968 DEBUG Engine.Configuration] Dumping YAML config into C:\Repos\GitHub\jmeter\2020-04-21_01-40-42.446358\effective.yml
[2020-04-21 01:40:47,981 DEBUG Engine.Configuration] Dumping JSON config into C:\Repos\GitHub\jmeter\2020-04-21_01-40-42.446358\effective.json
[2020-04-21 01:40:47,982 DEBUG root] Leveling down log file verbosity to INFO, use -v option to have DEBUG messages enabled
[2020-04-21 01:40:47,982 DEBUG root] Leveled up log file verbosity
[2020-04-21 01:40:47,982 DEBUG root] Executing shell: ['C:\\Users\\myper\\.bzt\\jmeter-taurus\\5.2.1\\bin\\jmeter.bat', '-t', 'C:\\Repos\\GitHub\\jmeter\\modified_atlasfinal-2.jmx', '-j', 'C:\\Repos\\GitHub\\jmeter\\2020-04-21_01-40-42.446358\\jmeter.log', '-q', 'C:\\Repos\\GitHub\\jmeter\\2020-04-21_01-40-42.446358\\jmeter-bzt.properties', '-n'] at C:\Repos\GitHub\jmeter
[2020-04-21 01:40:47,984 DEBUG Engine.local] Starting execution: jmeter/atlasfinal.jmx, rest of available slots: 9223372036854775806
[2020-04-21 01:40:47,985 DEBUG root] Leveling down log file verbosity to INFO, use -v option to have DEBUG messages enabled
[2020-04-21 01:40:48,315 INFO Engine.console] Did not mute console logging
[2020-04-21 01:40:48,392 INFO Engine.console] Waiting for finish...
[2020-04-21 02:10:52,251 WARNING Engine] Please wait for graceful shutdown...
[2020-04-21 02:10:52,252 DEBUG root] Leveled up log file verbosity
[2020-04-21 02:10:52,252 INFO Engine] Shutting down...
[2020-04-21 02:10:52,252 DEBUG Engine] Current stop reason: None
[2020-04-21 02:10:52,252 DEBUG Engine.local] Shutdown jmeter/atlasfinal.jmx
[2020-04-21 02:10:55,520 DEBUG Engine.console] No logger_handler or orig_stream was detected
[2020-04-21 02:10:55,521 DEBUG Engine.Configuration] Dumping YAML config into C:\Repos\GitHub\jmeter\2020-04-21_01-40-42.446358\effective.yml
[2020-04-21 02:10:55,535 DEBUG Engine.Configuration] Dumping JSON config into C:\Repos\GitHub\jmeter\2020-04-21_01-40-42.446358\effective.json
[2020-04-21 02:10:55,537 INFO Engine] Post-processing...
[2020-04-21 02:10:55,537 DEBUG Engine.local] Post-process jmeter/atlasfinal.jmx
[2020-04-21 02:10:55,537 DEBUG Engine] Add existing artifact (move=True): C:\Repos\GitHub\jmeter\modified_atlasfinal-2.jmx
[2020-04-21 02:10:55,538 DEBUG Engine] Moving C:\Repos\GitHub\jmeter\modified_atlasfinal-2.jmx to C:\Repos\GitHub\jmeter\2020-04-21_01-40-42.446358\modified_atlasfinal-2.jmx
[2020-04-21 02:10:55,539 DEBUG Engine.jmeter.JTLReader] Buffer len: 2; Known errors count: 1
[2020-04-21 02:10:55,539 DEBUG Engine.jmeter.JTLReader] Aggregating: 1587417050, 2 in buffer
[2020-04-21 02:10:55,567 DEBUG Engine.jmeter.JTLReader] Buffer len: 1; Known errors count: 1
[2020-04-21 02:10:55,623 DEBUG Engine.jmeter.JTLReader] Aggregating: 1587417051, 1 in buffer
[2020-04-21 02:10:55,650 DEBUG Engine.jmeter.JTLReader] Buffer len: 0; Known errors count: 1
[2020-04-21 02:10:55,650 DEBUG Engine.consolidator] Consolidator buffer[4]: dict_keys([1587417048, 1587417049, 1587417050, 1587417051])
[2020-04-21 02:10:55,651 DEBUG Engine.consolidator] Merging into 1587417048
[2020-04-21 02:10:55,651 DEBUG Engine.consolidator] Bypassing consolidation because of single result
[2020-04-21 02:10:55,722 DEBUG Engine.consolidator] Processed datapoint: 1587417048/ConsolidatingAggregator@2146522130504
[2020-04-21 02:10:55,723 DEBUG Engine.consolidator] Merging into 1587417049
[2020-04-21 02:10:55,723 DEBUG Engine.consolidator] Bypassing consolidation because of single result
[2020-04-21 02:10:55,796 DEBUG Engine.consolidator] Processed datapoint: 1587417049/ConsolidatingAggregator@2146522130504
[2020-04-21 02:10:55,796 DEBUG Engine.consolidator] Merging into 1587417050
[2020-04-21 02:10:55,796 DEBUG Engine.consolidator] Bypassing consolidation because of single result
[2020-04-21 02:10:55,869 DEBUG Engine.consolidator] Processed datapoint: 1587417050/ConsolidatingAggregator@2146522130504
[2020-04-21 02:10:55,869 DEBUG Engine.consolidator] Merging into 1587417051
[2020-04-21 02:10:55,869 DEBUG Engine.consolidator] Bypassing consolidation because of single result
[2020-04-21 02:10:55,938 DEBUG Engine.consolidator] Processed datapoint: 1587417051/ConsolidatingAggregator@2146522130504
[2020-04-21 02:10:55,938 INFO Engine.final-stats] Test duration: 0:30:05
[2020-04-21 02:10:55,939 INFO Engine.final-stats] Samples count: 140730, 0.00% failures
[2020-04-21 02:10:55,940 INFO Engine.final-stats] Average times: total 0.187, latency 0.185, connect 0.005
[2020-04-21 02:10:55,941 INFO Engine.final-stats] Percentiles:
+---------------+---------------+
| Percentile, % | Resp. Time, s |
+---------------+---------------+
|           0.0 |         0.011 |
|          50.0 |          0.16 |
|          90.0 |         0.326 |
|          95.0 |         0.405 |
|          99.0 |         0.653 |
|          99.9 |         1.016 |
|         100.0 |        21.008 |
+---------------+---------------+
[2020-04-21 02:10:55,944 INFO Engine.final-stats] Request label stats:
+-----------------------------+--------+---------+--------+-------------------------------------------------------------------------------------------------------------------------------------------------------+
| label                       | status |    succ | avg_rt | error                                                                                                                                                 |
+-----------------------------+--------+---------+--------+-------------------------------------------------------------------------------------------------------------------------------------------------------+
| GET AcceptorBranches        |  FAIL  |  99.99% |  0.178 | Non HTTP response message: Connect to webservice.uralsoccard.ru:9698 [webservice.uralsoccard.ru/212.49.123.173] failed: Connection timed out: connect |
| GET IssuePointOrganizations |   OK   | 100.00% |  0.145 |                                                                                                                                                       |
| GET IssuePoints             |  FAIL  |  99.99% |  0.183 | Non HTTP response message: Connect to webservice.uralsoccard.ru:9698 [webservice.uralsoccard.ru/212.49.123.173] failed: Connection timed out: connect |
| GET ListAcceptorCategories  |   OK   | 100.00% |  0.144 |                                                                                                                                                       |
| GET ListAcceptors           |   OK   | 100.00% |  0.221 |                                                                                                                                                       |
| GET ListLocalities          |   OK   | 100.00% |  0.218 |                                                                                                                                                       |
| GET ListLoyaltyPrograms     |   OK   | 100.00% |  0.192 |                                                                                                                                                       |
| GET LoyaltyProgramBranches  |  FAIL  |  99.99% |  0.211 | Non HTTP response message: Connect to webservice.uralsoccard.ru:9698 [webservice.uralsoccard.ru/212.49.123.173] failed: Connection timed out: connect |
+-----------------------------+--------+---------+--------+-------------------------------------------------------------------------------------------------------------------------------------------------------+
[2020-04-21 02:10:55,944 DEBUG Engine.console] No logger_handler or orig_stream was detected
[2020-04-21 02:10:55,946 DEBUG Engine.Configuration] Dumping YAML config into C:\Repos\GitHub\jmeter\2020-04-21_01-40-42.446358\effective.yml
[2020-04-21 02:10:55,965 DEBUG Engine.Configuration] Dumping JSON config into C:\Repos\GitHub\jmeter\2020-04-21_01-40-42.446358\effective.json
[2020-04-21 02:10:55,965 INFO root] Artifacts dir: C:\Repos\GitHub\jmeter\2020-04-21_01-40-42.446358
[2020-04-21 02:10:55,966 INFO root] Done performing with code: 0
[2020-04-21 02:10:55,967 DEBUG root] Closing log handler: C:\Repos\GitHub\jmeter\2020-04-21_01-40-42.446358\bzt.log
