2020-04-21 01:40:49,460 INFO o.a.j.u.JMeterUtils: Setting Locale to en_EN
2020-04-21 01:40:49,473 INFO o.a.j.JMeter: Loading user properties from: C:\Users\myper\.bzt\jmeter-taurus\5.2.1\bin\user.properties
2020-04-21 01:40:49,473 INFO o.a.j.JMeter: Loading system properties from: C:\Users\myper\.bzt\jmeter-taurus\5.2.1\bin\system.properties
2020-04-21 01:40:49,474 INFO o.a.j.JMeter: Loading additional properties from: C:\Repos\GitHub\jmeter\2020-04-21_01-40-42.446358\jmeter-bzt.properties
2020-04-21 01:40:49,479 INFO o.a.j.JMeter: Copyright (c) 1998-2019 The Apache Software Foundation
2020-04-21 01:40:49,480 INFO o.a.j.JMeter: Version 5.2.1
2020-04-21 01:40:49,480 INFO o.a.j.JMeter: java.version=1.8.0_251
2020-04-21 01:40:49,480 INFO o.a.j.JMeter: java.vm.name=Java HotSpot(TM) 64-Bit Server VM
2020-04-21 01:40:49,480 INFO o.a.j.JMeter: os.name=Windows 10
2020-04-21 01:40:49,480 INFO o.a.j.JMeter: os.arch=amd64
2020-04-21 01:40:49,480 INFO o.a.j.JMeter: os.version=10.0
2020-04-21 01:40:49,480 INFO o.a.j.JMeter: file.encoding=Cp1251
2020-04-21 01:40:49,480 INFO o.a.j.JMeter: java.awt.headless=true
2020-04-21 01:40:49,480 INFO o.a.j.JMeter: Max memory     =1073741824
2020-04-21 01:40:49,480 INFO o.a.j.JMeter: Available Processors =4
2020-04-21 01:40:49,484 INFO o.a.j.JMeter: Default Locale=English (EN)
2020-04-21 01:40:49,484 INFO o.a.j.JMeter: JMeter  Locale=English (EN)
2020-04-21 01:40:49,484 INFO o.a.j.JMeter: JMeterHome=C:\Users\myper\.bzt\jmeter-taurus\5.2.1
2020-04-21 01:40:49,484 INFO o.a.j.JMeter: user.dir  =C:\Repos\GitHub\jmeter
2020-04-21 01:40:49,484 INFO o.a.j.JMeter: PWD       =C:\Repos\GitHub\jmeter
2020-04-21 01:40:49,485 INFO o.a.j.JMeter: IP: 192.168.1.150 Name: DESKTOP-RVNENMJ FullName: DESKTOP-RVNENMJ
2020-04-21 01:40:49,485 INFO o.a.j.JMeter: user.classpath=C:/Repos/GitHub/jmeter/2020-04-21_01-40-42.446358;C:/Repos/GitHub/jmeter
2020-04-21 01:40:49,485 INFO o.a.j.JMeter: Adding to classpath and loader: C:/Repos/GitHub/jmeter/2020-04-21_01-40-42.446358
2020-04-21 01:40:49,485 INFO o.a.j.JMeter: Adding to classpath and loader: C:/Repos/GitHub/jmeter
2020-04-21 01:40:49,491 INFO o.a.j.s.FileServer: Default base='C:\Repos\GitHub\jmeter'
2020-04-21 01:40:49,495 INFO o.a.j.s.FileServer: Set new base='C:\Repos\GitHub\jmeter'
2020-04-21 01:40:49,613 INFO o.a.j.s.SaveService: Testplan (JMX) version: 2.2. Testlog (JTL) version: 2.2
2020-04-21 01:40:49,619 INFO o.a.j.s.SaveService: Using SaveService properties file encoding UTF-8
2020-04-21 01:40:49,624 INFO o.a.j.s.SaveService: Using SaveService properties version 5.0
2020-04-21 01:40:49,631 INFO o.a.j.s.SaveService: Loading file: C:\Repos\GitHub\jmeter\modified_atlasfinal-2.jmx
2020-04-21 01:40:49,687 INFO o.a.j.p.h.s.HTTPSamplerBase: Parser for text/html is org.apache.jmeter.protocol.http.parser.LagartoBasedHtmlParser
2020-04-21 01:40:49,688 INFO o.a.j.p.h.s.HTTPSamplerBase: Parser for application/xhtml+xml is org.apache.jmeter.protocol.http.parser.LagartoBasedHtmlParser
2020-04-21 01:40:49,688 INFO o.a.j.p.h.s.HTTPSamplerBase: Parser for application/xml is org.apache.jmeter.protocol.http.parser.LagartoBasedHtmlParser
2020-04-21 01:40:49,688 INFO o.a.j.p.h.s.HTTPSamplerBase: Parser for text/xml is org.apache.jmeter.protocol.http.parser.LagartoBasedHtmlParser
2020-04-21 01:40:49,688 INFO o.a.j.p.h.s.HTTPSamplerBase: Parser for text/vnd.wap.wml is org.apache.jmeter.protocol.http.parser.RegexpHTMLParser
2020-04-21 01:40:49,688 INFO o.a.j.p.h.s.HTTPSamplerBase: Parser for text/css is org.apache.jmeter.protocol.http.parser.CssParser
2020-04-21 01:40:49,846 INFO o.a.j.e.StandardJMeterEngine: Running the test!
2020-04-21 01:40:49,847 INFO o.a.j.s.SampleEvent: List of sample_variables: []
2020-04-21 01:40:49,847 INFO o.a.j.s.SampleEvent: List of sample_variables: []
2020-04-21 01:40:49,853 INFO o.a.j.e.u.CompoundVariable: Note: Function class names must contain the string: '.functions.'
2020-04-21 01:40:49,853 INFO o.a.j.e.u.CompoundVariable: Note: Function class names must not contain the string: '.gui.'
2020-04-21 01:40:50,237 INFO o.a.j.JMeter: Running test (1587415250237)
2020-04-21 01:40:50,267 INFO o.a.j.e.StandardJMeterEngine: Starting ThreadGroup: 1 : portal api (NoGUI)
2020-04-21 01:40:50,268 INFO o.a.j.e.StandardJMeterEngine: Starting 80 threads for group portal api (NoGUI).
2020-04-21 01:40:50,268 INFO o.a.j.e.StandardJMeterEngine: Thread will continue on error
2020-04-21 01:40:50,268 INFO o.a.j.t.ThreadGroup: Starting thread group... number=1 threads=80 ramp-up=80 delayedStart=false
2020-04-21 01:40:50,350 INFO o.a.j.t.ThreadGroup: Started thread group number 1
2020-04-21 01:40:50,350 INFO o.a.j.e.StandardJMeterEngine: All thread groups have been started
2020-04-21 01:40:51,270 INFO o.a.j.t.JMeterThread: Thread started: portal api (NoGUI) 1-1
2020-04-21 01:40:51,308 INFO o.a.j.p.h.s.HTTPHCAbstractImpl: Local host = DESKTOP-RVNENMJ
2020-04-21 01:40:51,316 INFO o.a.j.p.h.s.HTTPHC4Impl: HTTP request retry count = 0
2020-04-21 01:40:51,318 INFO o.a.j.s.SampleResult: Note: Sample TimeStamps are START times
2020-04-21 01:40:51,318 INFO o.a.j.s.SampleResult: sampleresult.default.encoding is set to UTF-8
2020-04-21 01:40:51,319 INFO o.a.j.s.SampleResult: sampleresult.useNanoTime=true
2020-04-21 01:40:51,319 INFO o.a.j.s.SampleResult: sampleresult.nanoThreadSleep=5000
2020-04-21 01:40:52,269 INFO o.a.j.t.JMeterThread: Thread started: portal api (NoGUI) 1-2
2020-04-21 01:40:53,270 INFO o.a.j.t.JMeterThread: Thread started: portal api (NoGUI) 1-3
2020-04-21 01:40:54,269 INFO o.a.j.t.JMeterThread: Thread started: portal api (NoGUI) 1-4
2020-04-21 01:40:55,269 INFO o.a.j.t.JMeterThread: Thread started: portal api (NoGUI) 1-5
2020-04-21 01:40:56,269 INFO o.a.j.t.JMeterThread: Thread started: portal api (NoGUI) 1-6
2020-04-21 01:40:57,269 INFO o.a.j.t.JMeterThread: Thread started: portal api (NoGUI) 1-7
2020-04-21 01:40:58,269 INFO o.a.j.t.JMeterThread: Thread started: portal api (NoGUI) 1-8
2020-04-21 01:40:59,269 INFO o.a.j.t.JMeterThread: Thread started: portal api (NoGUI) 1-9
2020-04-21 01:40:59,289 INFO o.a.j.u.JsseSSLManager: Using default SSL protocol: TLS
2020-04-21 01:40:59,290 INFO o.a.j.u.JsseSSLManager: SSL session context: per-thread
2020-04-21 01:41:00,269 INFO o.a.j.t.JMeterThread: Thread started: portal api (NoGUI) 1-10
2020-04-21 01:41:01,270 INFO o.a.j.t.JMeterThread: Thread started: portal api (NoGUI) 1-11
2020-04-21 01:41:02,270 INFO o.a.j.t.JMeterThread: Thread started: portal api (NoGUI) 1-12
2020-04-21 01:41:03,269 INFO o.a.j.t.JMeterThread: Thread started: portal api (NoGUI) 1-13
2020-04-21 01:41:04,270 INFO o.a.j.t.JMeterThread: Thread started: portal api (NoGUI) 1-14
2020-04-21 01:41:05,269 INFO o.a.j.t.JMeterThread: Thread started: portal api (NoGUI) 1-15
2020-04-21 01:41:06,269 INFO o.a.j.t.JMeterThread: Thread started: portal api (NoGUI) 1-16
2020-04-21 01:41:07,269 INFO o.a.j.t.JMeterThread: Thread started: portal api (NoGUI) 1-17
2020-04-21 01:41:08,270 INFO o.a.j.t.JMeterThread: Thread started: portal api (NoGUI) 1-18
2020-04-21 01:41:09,269 INFO o.a.j.t.JMeterThread: Thread started: portal api (NoGUI) 1-19
2020-04-21 01:41:10,273 INFO o.a.j.t.JMeterThread: Thread started: portal api (NoGUI) 1-20
2020-04-21 01:41:11,269 INFO o.a.j.t.JMeterThread: Thread started: portal api (NoGUI) 1-21
2020-04-21 01:41:12,272 INFO o.a.j.t.JMeterThread: Thread started: portal api (NoGUI) 1-22
2020-04-21 01:41:13,269 INFO o.a.j.t.JMeterThread: Thread started: portal api (NoGUI) 1-23
2020-04-21 01:41:14,269 INFO o.a.j.t.JMeterThread: Thread started: portal api (NoGUI) 1-24
2020-04-21 01:41:15,269 INFO o.a.j.t.JMeterThread: Thread started: portal api (NoGUI) 1-25
2020-04-21 01:41:16,270 INFO o.a.j.t.JMeterThread: Thread started: portal api (NoGUI) 1-26
2020-04-21 01:41:17,279 INFO o.a.j.t.JMeterThread: Thread started: portal api (NoGUI) 1-27
2020-04-21 01:41:18,270 INFO o.a.j.t.JMeterThread: Thread started: portal api (NoGUI) 1-28
2020-04-21 01:41:19,269 INFO o.a.j.t.JMeterThread: Thread started: portal api (NoGUI) 1-29
2020-04-21 01:41:20,281 INFO o.a.j.t.JMeterThread: Thread started: portal api (NoGUI) 1-30
2020-04-21 01:41:21,270 INFO o.a.j.t.JMeterThread: Thread started: portal api (NoGUI) 1-31
2020-04-21 01:41:22,269 INFO o.a.j.t.JMeterThread: Thread started: portal api (NoGUI) 1-32
2020-04-21 01:41:23,269 INFO o.a.j.t.JMeterThread: Thread started: portal api (NoGUI) 1-33
2020-04-21 01:41:24,270 INFO o.a.j.t.JMeterThread: Thread started: portal api (NoGUI) 1-34
2020-04-21 01:41:25,269 INFO o.a.j.t.JMeterThread: Thread started: portal api (NoGUI) 1-35
2020-04-21 01:41:26,272 INFO o.a.j.t.JMeterThread: Thread started: portal api (NoGUI) 1-36
2020-04-21 01:41:27,287 INFO o.a.j.t.JMeterThread: Thread started: portal api (NoGUI) 1-37
2020-04-21 01:41:28,269 INFO o.a.j.t.JMeterThread: Thread started: portal api (NoGUI) 1-38
2020-04-21 01:41:29,269 INFO o.a.j.t.JMeterThread: Thread started: portal api (NoGUI) 1-39
2020-04-21 01:41:30,269 INFO o.a.j.t.JMeterThread: Thread started: portal api (NoGUI) 1-40
2020-04-21 01:41:31,269 INFO o.a.j.t.JMeterThread: Thread started: portal api (NoGUI) 1-41
2020-04-21 01:41:32,269 INFO o.a.j.t.JMeterThread: Thread started: portal api (NoGUI) 1-42
2020-04-21 01:41:33,296 INFO o.a.j.t.JMeterThread: Thread started: portal api (NoGUI) 1-43
2020-04-21 01:41:34,269 INFO o.a.j.t.JMeterThread: Thread started: portal api (NoGUI) 1-44
2020-04-21 01:41:35,272 INFO o.a.j.t.JMeterThread: Thread started: portal api (NoGUI) 1-45
2020-04-21 01:41:36,270 INFO o.a.j.t.JMeterThread: Thread started: portal api (NoGUI) 1-46
2020-04-21 01:41:37,270 INFO o.a.j.t.JMeterThread: Thread started: portal api (NoGUI) 1-47
2020-04-21 01:41:38,269 INFO o.a.j.t.JMeterThread: Thread started: portal api (NoGUI) 1-48
2020-04-21 01:41:39,269 INFO o.a.j.t.JMeterThread: Thread started: portal api (NoGUI) 1-49
2020-04-21 01:41:40,268 INFO o.a.j.t.JMeterThread: Thread started: portal api (NoGUI) 1-50
2020-04-21 01:41:41,279 INFO o.a.j.t.JMeterThread: Thread started: portal api (NoGUI) 1-51
2020-04-21 01:41:42,271 INFO o.a.j.t.JMeterThread: Thread started: portal api (NoGUI) 1-52
2020-04-21 01:41:43,270 INFO o.a.j.t.JMeterThread: Thread started: portal api (NoGUI) 1-53
2020-04-21 01:41:44,277 INFO o.a.j.t.JMeterThread: Thread started: portal api (NoGUI) 1-54
2020-04-21 01:41:45,269 INFO o.a.j.t.JMeterThread: Thread started: portal api (NoGUI) 1-55
2020-04-21 01:41:46,269 INFO o.a.j.t.JMeterThread: Thread started: portal api (NoGUI) 1-56
2020-04-21 01:41:47,269 INFO o.a.j.t.JMeterThread: Thread started: portal api (NoGUI) 1-57
2020-04-21 01:41:48,268 INFO o.a.j.t.JMeterThread: Thread started: portal api (NoGUI) 1-58
2020-04-21 01:41:49,268 INFO o.a.j.t.JMeterThread: Thread started: portal api (NoGUI) 1-59
2020-04-21 01:41:50,279 INFO o.a.j.t.JMeterThread: Thread started: portal api (NoGUI) 1-60
2020-04-21 01:41:51,268 INFO o.a.j.t.JMeterThread: Thread started: portal api (NoGUI) 1-61
2020-04-21 01:41:52,268 INFO o.a.j.t.JMeterThread: Thread started: portal api (NoGUI) 1-62
2020-04-21 01:41:53,269 INFO o.a.j.t.JMeterThread: Thread started: portal api (NoGUI) 1-63
2020-04-21 01:41:54,268 INFO o.a.j.t.JMeterThread: Thread started: portal api (NoGUI) 1-64
2020-04-21 01:41:55,268 INFO o.a.j.t.JMeterThread: Thread started: portal api (NoGUI) 1-65
2020-04-21 01:41:56,268 INFO o.a.j.t.JMeterThread: Thread started: portal api (NoGUI) 1-66
2020-04-21 01:41:57,271 INFO o.a.j.t.JMeterThread: Thread started: portal api (NoGUI) 1-67
2020-04-21 01:41:58,269 INFO o.a.j.t.JMeterThread: Thread started: portal api (NoGUI) 1-68
2020-04-21 01:41:59,269 INFO o.a.j.t.JMeterThread: Thread started: portal api (NoGUI) 1-69
2020-04-21 01:42:00,268 INFO o.a.j.t.JMeterThread: Thread started: portal api (NoGUI) 1-70
2020-04-21 01:42:01,269 INFO o.a.j.t.JMeterThread: Thread started: portal api (NoGUI) 1-71
2020-04-21 01:42:02,269 INFO o.a.j.t.JMeterThread: Thread started: portal api (NoGUI) 1-72
2020-04-21 01:42:03,268 INFO o.a.j.t.JMeterThread: Thread started: portal api (NoGUI) 1-73
2020-04-21 01:42:04,269 INFO o.a.j.t.JMeterThread: Thread started: portal api (NoGUI) 1-74
2020-04-21 01:42:05,269 INFO o.a.j.t.JMeterThread: Thread started: portal api (NoGUI) 1-75
2020-04-21 01:42:06,278 INFO o.a.j.t.JMeterThread: Thread started: portal api (NoGUI) 1-76
2020-04-21 01:42:07,269 INFO o.a.j.t.JMeterThread: Thread started: portal api (NoGUI) 1-77
2020-04-21 01:42:08,269 INFO o.a.j.t.JMeterThread: Thread started: portal api (NoGUI) 1-78
2020-04-21 01:42:09,268 INFO o.a.j.t.JMeterThread: Thread started: portal api (NoGUI) 1-79
2020-04-21 01:42:10,269 INFO o.a.j.t.JMeterThread: Thread started: portal api (NoGUI) 1-80
2020-04-21 02:10:50,472 INFO o.a.j.t.JMeterThread: Thread finished: portal api (NoGUI) 1-10
2020-04-21 02:10:50,472 INFO o.a.j.t.JMeterThread: Thread finished: portal api (NoGUI) 1-29
2020-04-21 02:10:50,523 INFO o.a.j.t.JMeterThread: Thread finished: portal api (NoGUI) 1-78
2020-04-21 02:10:50,523 INFO o.a.j.t.JMeterThread: Thread finished: portal api (NoGUI) 1-23
2020-04-21 02:10:50,524 INFO o.a.j.t.JMeterThread: Thread finished: portal api (NoGUI) 1-58
2020-04-21 02:10:50,524 INFO o.a.j.t.JMeterThread: Thread finished: portal api (NoGUI) 1-36
2020-04-21 02:10:50,553 INFO o.a.j.t.JMeterThread: Thread finished: portal api (NoGUI) 1-43
2020-04-21 02:10:50,553 INFO o.a.j.t.JMeterThread: Thread finished: portal api (NoGUI) 1-65
2020-04-21 02:10:50,553 INFO o.a.j.t.JMeterThread: Thread finished: portal api (NoGUI) 1-1
2020-04-21 02:10:50,558 INFO o.a.j.t.JMeterThread: Thread finished: portal api (NoGUI) 1-64
2020-04-21 02:10:50,591 INFO o.a.j.t.JMeterThread: Thread finished: portal api (NoGUI) 1-47
2020-04-21 02:10:50,591 INFO o.a.j.t.JMeterThread: Thread finished: portal api (NoGUI) 1-38
2020-04-21 02:10:50,614 INFO o.a.j.t.JMeterThread: Thread finished: portal api (NoGUI) 1-56
2020-04-21 02:10:50,616 INFO o.a.j.t.JMeterThread: Thread finished: portal api (NoGUI) 1-55
2020-04-21 02:10:50,616 INFO o.a.j.t.JMeterThread: Thread finished: portal api (NoGUI) 1-14
2020-04-21 02:10:50,628 INFO o.a.j.t.JMeterThread: Thread finished: portal api (NoGUI) 1-40
2020-04-21 02:10:50,639 INFO o.a.j.t.JMeterThread: Thread finished: portal api (NoGUI) 1-25
2020-04-21 02:10:50,640 INFO o.a.j.t.JMeterThread: Thread finished: portal api (NoGUI) 1-8
2020-04-21 02:10:50,652 INFO o.a.j.t.JMeterThread: Thread finished: portal api (NoGUI) 1-4
2020-04-21 02:10:50,654 INFO o.a.j.t.JMeterThread: Thread finished: portal api (NoGUI) 1-17
2020-04-21 02:10:50,654 INFO o.a.j.t.JMeterThread: Thread finished: portal api (NoGUI) 1-44
2020-04-21 02:10:50,660 INFO o.a.j.t.JMeterThread: Thread finished: portal api (NoGUI) 1-63
2020-04-21 02:10:50,663 INFO o.a.j.t.JMeterThread: Thread finished: portal api (NoGUI) 1-54
2020-04-21 02:10:50,668 INFO o.a.j.t.JMeterThread: Thread finished: portal api (NoGUI) 1-51
2020-04-21 02:10:50,719 INFO o.a.j.t.JMeterThread: Thread finished: portal api (NoGUI) 1-73
2020-04-21 02:10:50,720 INFO o.a.j.t.JMeterThread: Thread finished: portal api (NoGUI) 1-42
2020-04-21 02:10:50,721 INFO o.a.j.t.JMeterThread: Thread finished: portal api (NoGUI) 1-35
2020-04-21 02:10:50,755 INFO o.a.j.t.JMeterThread: Thread finished: portal api (NoGUI) 1-34
2020-04-21 02:10:50,817 INFO o.a.j.t.JMeterThread: Thread finished: portal api (NoGUI) 1-72
2020-04-21 02:10:50,818 INFO o.a.j.t.JMeterThread: Thread finished: portal api (NoGUI) 1-61
2020-04-21 02:10:50,871 INFO o.a.j.t.JMeterThread: Thread finished: portal api (NoGUI) 1-19
2020-04-21 02:10:50,871 INFO o.a.j.t.JMeterThread: Thread finished: portal api (NoGUI) 1-53
2020-04-21 02:10:50,875 INFO o.a.j.t.JMeterThread: Thread finished: portal api (NoGUI) 1-59
2020-04-21 02:10:50,896 INFO o.a.j.t.JMeterThread: Thread finished: portal api (NoGUI) 1-79
2020-04-21 02:10:50,898 INFO o.a.j.t.JMeterThread: Thread finished: portal api (NoGUI) 1-71
2020-04-21 02:10:50,898 INFO o.a.j.t.JMeterThread: Thread finished: portal api (NoGUI) 1-20
2020-04-21 02:10:50,913 INFO o.a.j.t.JMeterThread: Thread finished: portal api (NoGUI) 1-41
2020-04-21 02:10:50,923 INFO o.a.j.t.JMeterThread: Thread finished: portal api (NoGUI) 1-39
2020-04-21 02:10:50,925 INFO o.a.j.t.JMeterThread: Thread finished: portal api (NoGUI) 1-49
2020-04-21 02:10:50,935 INFO o.a.j.t.JMeterThread: Thread finished: portal api (NoGUI) 1-66
2020-04-21 02:10:50,942 INFO o.a.j.t.JMeterThread: Thread finished: portal api (NoGUI) 1-12
2020-04-21 02:10:50,945 INFO o.a.j.t.JMeterThread: Thread finished: portal api (NoGUI) 1-62
2020-04-21 02:10:50,957 INFO o.a.j.t.JMeterThread: Thread finished: portal api (NoGUI) 1-80
2020-04-21 02:10:50,990 INFO o.a.j.t.JMeterThread: Thread finished: portal api (NoGUI) 1-2
2020-04-21 02:10:50,995 INFO o.a.j.t.JMeterThread: Thread finished: portal api (NoGUI) 1-75
2020-04-21 02:10:50,996 INFO o.a.j.t.JMeterThread: Thread finished: portal api (NoGUI) 1-74
2020-04-21 02:10:50,999 INFO o.a.j.t.JMeterThread: Thread finished: portal api (NoGUI) 1-31
2020-04-21 02:10:51,033 INFO o.a.j.t.JMeterThread: Thread finished: portal api (NoGUI) 1-67
2020-04-21 02:10:51,054 INFO o.a.j.t.JMeterThread: Thread finished: portal api (NoGUI) 1-60
2020-04-21 02:10:51,061 INFO o.a.j.t.JMeterThread: Thread finished: portal api (NoGUI) 1-11
2020-04-21 02:10:51,061 INFO o.a.j.t.JMeterThread: Thread finished: portal api (NoGUI) 1-33
2020-04-21 02:10:51,064 INFO o.a.j.t.JMeterThread: Thread finished: portal api (NoGUI) 1-45
2020-04-21 02:10:51,083 INFO o.a.j.t.JMeterThread: Thread finished: portal api (NoGUI) 1-68
2020-04-21 02:10:51,097 INFO o.a.j.t.JMeterThread: Thread finished: portal api (NoGUI) 1-6
2020-04-21 02:10:51,097 INFO o.a.j.t.JMeterThread: Thread finished: portal api (NoGUI) 1-26
2020-04-21 02:10:51,112 INFO o.a.j.t.JMeterThread: Thread finished: portal api (NoGUI) 1-18
2020-04-21 02:10:51,125 INFO o.a.j.t.JMeterThread: Thread finished: portal api (NoGUI) 1-50
2020-04-21 02:10:51,138 INFO o.a.j.t.JMeterThread: Thread finished: portal api (NoGUI) 1-5
2020-04-21 02:10:51,139 INFO o.a.j.t.JMeterThread: Thread finished: portal api (NoGUI) 1-21
2020-04-21 02:10:51,152 INFO o.a.j.t.JMeterThread: Thread finished: portal api (NoGUI) 1-32
2020-04-21 02:10:51,153 INFO o.a.j.t.JMeterThread: Thread finished: portal api (NoGUI) 1-22
2020-04-21 02:10:51,155 INFO o.a.j.t.JMeterThread: Thread finished: portal api (NoGUI) 1-27
2020-04-21 02:10:51,157 INFO o.a.j.t.JMeterThread: Thread finished: portal api (NoGUI) 1-9
2020-04-21 02:10:51,194 INFO o.a.j.t.JMeterThread: Thread finished: portal api (NoGUI) 1-57
2020-04-21 02:10:51,194 INFO o.a.j.t.JMeterThread: Thread finished: portal api (NoGUI) 1-69
2020-04-21 02:10:51,201 INFO o.a.j.t.JMeterThread: Thread finished: portal api (NoGUI) 1-24
2020-04-21 02:10:51,201 INFO o.a.j.t.JMeterThread: Thread finished: portal api (NoGUI) 1-16
2020-04-21 02:10:51,214 INFO o.a.j.t.JMeterThread: Thread finished: portal api (NoGUI) 1-15
2020-04-21 02:10:51,215 INFO o.a.j.t.JMeterThread: Thread finished: portal api (NoGUI) 1-7
2020-04-21 02:10:51,223 INFO o.a.j.t.JMeterThread: Thread finished: portal api (NoGUI) 1-70
2020-04-21 02:10:51,226 INFO o.a.j.t.JMeterThread: Thread finished: portal api (NoGUI) 1-30
2020-04-21 02:10:51,281 INFO o.a.j.t.JMeterThread: Thread finished: portal api (NoGUI) 1-48
2020-04-21 02:10:51,282 INFO o.a.j.t.JMeterThread: Thread finished: portal api (NoGUI) 1-28
2020-04-21 02:10:51,282 INFO o.a.j.t.JMeterThread: Thread finished: portal api (NoGUI) 1-37
2020-04-21 02:10:51,311 INFO o.a.j.t.JMeterThread: Stopping because end time detected by thread: portal api (NoGUI) 1-13
2020-04-21 02:10:51,311 INFO o.a.j.t.JMeterThread: Thread finished: portal api (NoGUI) 1-46
2020-04-21 02:10:51,311 INFO o.a.j.t.JMeterThread: Thread finished: portal api (NoGUI) 1-13
2020-04-21 02:10:51,311 INFO o.a.j.t.JMeterThread: Stopping because end time detected by thread: portal api (NoGUI) 1-3
2020-04-21 02:10:51,312 INFO o.a.j.t.JMeterThread: Thread finished: portal api (NoGUI) 1-3
2020-04-21 02:10:51,332 INFO o.a.j.t.JMeterThread: Thread finished: portal api (NoGUI) 1-76
2020-04-21 02:10:51,338 INFO o.a.j.t.JMeterThread: Stopping because end time detected by thread: portal api (NoGUI) 1-52
2020-04-21 02:10:51,338 INFO o.a.j.t.JMeterThread: Thread finished: portal api (NoGUI) 1-52
2020-04-21 02:10:51,362 INFO o.a.j.t.JMeterThread: Stopping because end time detected by thread: portal api (NoGUI) 1-77
2020-04-21 02:10:51,362 INFO o.a.j.t.JMeterThread: Thread finished: portal api (NoGUI) 1-77
2020-04-21 02:10:51,363 INFO o.a.j.e.StandardJMeterEngine: Notifying test listeners of end of test
2020-04-21 02:10:51,364 INFO o.a.j.e.StandardJMeterEngine: Forced JVM shutdown requested at end of test
