2020-04-20 18:25:00,718 INFO o.a.j.u.JMeterUtils: Setting Locale to en_EN
2020-04-20 18:25:00,732 INFO o.a.j.JMeter: Loading user properties from: C:\Users\myper\.bzt\jmeter-taurus\5.2.1\bin\user.properties
2020-04-20 18:25:00,733 INFO o.a.j.JMeter: Loading system properties from: C:\Users\myper\.bzt\jmeter-taurus\5.2.1\bin\system.properties
2020-04-20 18:25:00,733 INFO o.a.j.JMeter: Loading additional properties from: C:\Repos\GitHub\jmeter\2020-04-20_18-24-46.074620\jmeter-bzt.properties
2020-04-20 18:25:00,739 INFO o.a.j.JMeter: Copyright (c) 1998-2019 The Apache Software Foundation
2020-04-20 18:25:00,739 INFO o.a.j.JMeter: Version 5.2.1
2020-04-20 18:25:00,739 INFO o.a.j.JMeter: java.version=1.8.0_251
2020-04-20 18:25:00,739 INFO o.a.j.JMeter: java.vm.name=Java HotSpot(TM) 64-Bit Server VM
2020-04-20 18:25:00,740 INFO o.a.j.JMeter: os.name=Windows 10
2020-04-20 18:25:00,740 INFO o.a.j.JMeter: os.arch=amd64
2020-04-20 18:25:00,740 INFO o.a.j.JMeter: os.version=10.0
2020-04-20 18:25:00,740 INFO o.a.j.JMeter: file.encoding=Cp1251
2020-04-20 18:25:00,740 INFO o.a.j.JMeter: java.awt.headless=true
2020-04-20 18:25:00,740 INFO o.a.j.JMeter: Max memory     =1073741824
2020-04-20 18:25:00,740 INFO o.a.j.JMeter: Available Processors =4
2020-04-20 18:25:00,744 INFO o.a.j.JMeter: Default Locale=English (EN)
2020-04-20 18:25:00,744 INFO o.a.j.JMeter: JMeter  Locale=English (EN)
2020-04-20 18:25:00,744 INFO o.a.j.JMeter: JMeterHome=C:\Users\myper\.bzt\jmeter-taurus\5.2.1
2020-04-20 18:25:00,744 INFO o.a.j.JMeter: user.dir  =C:\Repos\GitHub\jmeter
2020-04-20 18:25:00,745 INFO o.a.j.JMeter: PWD       =C:\Repos\GitHub\jmeter
2020-04-20 18:25:00,745 INFO o.a.j.JMeter: IP: 192.168.1.150 Name: DESKTOP-RVNENMJ FullName: DESKTOP-RVNENMJ
2020-04-20 18:25:00,746 INFO o.a.j.JMeter: user.classpath=C:/Repos/GitHub/jmeter/2020-04-20_18-24-46.074620;C:/Repos/GitHub/jmeter
2020-04-20 18:25:00,746 INFO o.a.j.JMeter: Adding to classpath and loader: C:/Repos/GitHub/jmeter/2020-04-20_18-24-46.074620
2020-04-20 18:25:00,747 INFO o.a.j.JMeter: Adding to classpath and loader: C:/Repos/GitHub/jmeter
2020-04-20 18:25:00,754 INFO o.a.j.s.FileServer: Default base='C:\Repos\GitHub\jmeter'
2020-04-20 18:25:00,764 INFO o.a.j.s.FileServer: Set new base='C:\Repos\GitHub\jmeter'
2020-04-20 18:25:00,898 INFO o.a.j.s.SaveService: Testplan (JMX) version: 2.2. Testlog (JTL) version: 2.2
2020-04-20 18:25:00,905 INFO o.a.j.s.SaveService: Using SaveService properties file encoding UTF-8
2020-04-20 18:25:00,911 INFO o.a.j.s.SaveService: Using SaveService properties version 5.0
2020-04-20 18:25:00,920 INFO o.a.j.s.SaveService: Loading file: C:\Repos\GitHub\jmeter\modified_atlasfinal.jmx
2020-04-20 18:25:00,986 INFO o.a.j.p.h.s.HTTPSamplerBase: Parser for text/html is org.apache.jmeter.protocol.http.parser.LagartoBasedHtmlParser
2020-04-20 18:25:00,986 INFO o.a.j.p.h.s.HTTPSamplerBase: Parser for application/xhtml+xml is org.apache.jmeter.protocol.http.parser.LagartoBasedHtmlParser
2020-04-20 18:25:00,986 INFO o.a.j.p.h.s.HTTPSamplerBase: Parser for application/xml is org.apache.jmeter.protocol.http.parser.LagartoBasedHtmlParser
2020-04-20 18:25:00,986 INFO o.a.j.p.h.s.HTTPSamplerBase: Parser for text/xml is org.apache.jmeter.protocol.http.parser.LagartoBasedHtmlParser
2020-04-20 18:25:00,986 INFO o.a.j.p.h.s.HTTPSamplerBase: Parser for text/vnd.wap.wml is org.apache.jmeter.protocol.http.parser.RegexpHTMLParser
2020-04-20 18:25:00,986 INFO o.a.j.p.h.s.HTTPSamplerBase: Parser for text/css is org.apache.jmeter.protocol.http.parser.CssParser
2020-04-20 18:25:01,165 INFO o.a.j.e.StandardJMeterEngine: Running the test!
2020-04-20 18:25:01,168 INFO o.a.j.s.SampleEvent: List of sample_variables: []
2020-04-20 18:25:01,168 INFO o.a.j.s.SampleEvent: List of sample_variables: []
2020-04-20 18:25:01,175 INFO o.a.j.e.u.CompoundVariable: Note: Function class names must contain the string: '.functions.'
2020-04-20 18:25:01,176 INFO o.a.j.e.u.CompoundVariable: Note: Function class names must not contain the string: '.gui.'
2020-04-20 18:25:05,172 INFO o.a.j.JMeter: Running test (1587389105172)
2020-04-20 18:25:05,207 INFO o.a.j.e.StandardJMeterEngine: Starting ThreadGroup: 1 : portal api
2020-04-20 18:25:05,207 INFO o.a.j.e.StandardJMeterEngine: Starting 80 threads for group portal api.
2020-04-20 18:25:05,207 INFO o.a.j.e.StandardJMeterEngine: Thread will continue on error
2020-04-20 18:25:05,208 INFO o.a.j.t.ThreadGroup: Starting thread group... number=1 threads=80 ramp-up=80 delayedStart=false
2020-04-20 18:25:05,294 INFO o.a.j.t.ThreadGroup: Started thread group number 1
2020-04-20 18:25:05,294 INFO o.a.j.e.StandardJMeterEngine: All thread groups have been started
2020-04-20 18:25:06,208 INFO o.a.j.t.JMeterThread: Thread started: portal api 1-1
2020-04-20 18:25:06,238 INFO o.a.j.p.h.s.HTTPHCAbstractImpl: Local host = DESKTOP-RVNENMJ
2020-04-20 18:25:06,248 INFO o.a.j.p.h.s.HTTPHC4Impl: HTTP request retry count = 0
2020-04-20 18:25:06,251 INFO o.a.j.s.SampleResult: Note: Sample TimeStamps are START times
2020-04-20 18:25:06,251 INFO o.a.j.s.SampleResult: sampleresult.default.encoding is set to UTF-8
2020-04-20 18:25:06,251 INFO o.a.j.s.SampleResult: sampleresult.useNanoTime=true
2020-04-20 18:25:06,251 INFO o.a.j.s.SampleResult: sampleresult.nanoThreadSleep=5000
2020-04-20 18:25:07,208 INFO o.a.j.t.JMeterThread: Thread started: portal api 1-2
2020-04-20 18:25:08,209 INFO o.a.j.t.JMeterThread: Thread started: portal api 1-3
2020-04-20 18:25:09,209 INFO o.a.j.t.JMeterThread: Thread started: portal api 1-4
2020-04-20 18:25:10,209 INFO o.a.j.t.JMeterThread: Thread started: portal api 1-5
2020-04-20 18:25:11,209 INFO o.a.j.t.JMeterThread: Thread started: portal api 1-6
2020-04-20 18:25:12,208 INFO o.a.j.t.JMeterThread: Thread started: portal api 1-7
2020-04-20 18:25:13,208 INFO o.a.j.t.JMeterThread: Thread started: portal api 1-8
2020-04-20 18:25:14,209 INFO o.a.j.t.JMeterThread: Thread started: portal api 1-9
2020-04-20 18:25:14,224 INFO o.a.j.u.JsseSSLManager: Using default SSL protocol: TLS
2020-04-20 18:25:14,224 INFO o.a.j.u.JsseSSLManager: SSL session context: per-thread
2020-04-20 18:25:15,211 INFO o.a.j.t.JMeterThread: Thread started: portal api 1-10
2020-04-20 18:25:16,209 INFO o.a.j.t.JMeterThread: Thread started: portal api 1-11
2020-04-20 18:25:17,210 INFO o.a.j.t.JMeterThread: Thread started: portal api 1-12
2020-04-20 18:25:18,210 INFO o.a.j.t.JMeterThread: Thread started: portal api 1-13
2020-04-20 18:25:19,210 INFO o.a.j.t.JMeterThread: Thread started: portal api 1-14
2020-04-20 18:25:20,223 INFO o.a.j.t.JMeterThread: Thread started: portal api 1-15
2020-04-20 18:25:21,209 INFO o.a.j.t.JMeterThread: Thread started: portal api 1-16
2020-04-20 18:25:22,211 INFO o.a.j.t.JMeterThread: Thread started: portal api 1-17
2020-04-20 18:25:23,209 INFO o.a.j.t.JMeterThread: Thread started: portal api 1-18
2020-04-20 18:25:24,210 INFO o.a.j.t.JMeterThread: Thread started: portal api 1-19
2020-04-20 18:25:25,213 INFO o.a.j.t.JMeterThread: Thread started: portal api 1-20
2020-04-20 18:25:26,209 INFO o.a.j.t.JMeterThread: Thread started: portal api 1-21
2020-04-20 18:25:27,209 INFO o.a.j.t.JMeterThread: Thread started: portal api 1-22
2020-04-20 18:25:28,210 INFO o.a.j.t.JMeterThread: Thread started: portal api 1-23
2020-04-20 18:25:29,210 INFO o.a.j.t.JMeterThread: Thread started: portal api 1-24
2020-04-20 18:25:30,217 INFO o.a.j.t.JMeterThread: Thread started: portal api 1-25
2020-04-20 18:25:31,213 INFO o.a.j.t.JMeterThread: Thread started: portal api 1-26
2020-04-20 18:25:32,209 INFO o.a.j.t.JMeterThread: Thread started: portal api 1-27
2020-04-20 18:25:33,209 INFO o.a.j.t.JMeterThread: Thread started: portal api 1-28
2020-04-20 18:25:34,209 INFO o.a.j.t.JMeterThread: Thread started: portal api 1-29
2020-04-20 18:25:35,210 INFO o.a.j.t.JMeterThread: Thread started: portal api 1-30
2020-04-20 18:25:36,209 INFO o.a.j.t.JMeterThread: Thread started: portal api 1-31
2020-04-20 18:25:37,209 INFO o.a.j.t.JMeterThread: Thread started: portal api 1-32
2020-04-20 18:25:38,211 INFO o.a.j.t.JMeterThread: Thread started: portal api 1-33
2020-04-20 18:25:39,220 INFO o.a.j.t.JMeterThread: Thread started: portal api 1-34
2020-04-20 18:25:40,209 INFO o.a.j.t.JMeterThread: Thread started: portal api 1-35
2020-04-20 18:25:41,209 INFO o.a.j.t.JMeterThread: Thread started: portal api 1-36
2020-04-20 18:25:42,211 INFO o.a.j.t.JMeterThread: Thread started: portal api 1-37
2020-04-20 18:25:43,211 INFO o.a.j.t.JMeterThread: Thread started: portal api 1-38
2020-04-20 18:25:44,209 INFO o.a.j.t.JMeterThread: Thread started: portal api 1-39
2020-04-20 18:25:45,211 INFO o.a.j.t.JMeterThread: Thread started: portal api 1-40
2020-04-20 18:25:46,209 INFO o.a.j.t.JMeterThread: Thread started: portal api 1-41
2020-04-20 18:25:47,210 INFO o.a.j.t.JMeterThread: Thread started: portal api 1-42
2020-04-20 18:25:48,210 INFO o.a.j.t.JMeterThread: Thread started: portal api 1-43
2020-04-20 18:25:49,209 INFO o.a.j.t.JMeterThread: Thread started: portal api 1-44
2020-04-20 18:25:50,209 INFO o.a.j.t.JMeterThread: Thread started: portal api 1-45
2020-04-20 18:25:51,211 INFO o.a.j.t.JMeterThread: Thread started: portal api 1-46
2020-04-20 18:25:52,210 INFO o.a.j.t.JMeterThread: Thread started: portal api 1-47
2020-04-20 18:25:53,210 INFO o.a.j.t.JMeterThread: Thread started: portal api 1-48
2020-04-20 18:25:54,210 INFO o.a.j.t.JMeterThread: Thread started: portal api 1-49
2020-04-20 18:25:55,210 INFO o.a.j.t.JMeterThread: Thread started: portal api 1-50
2020-04-20 18:25:56,211 INFO o.a.j.t.JMeterThread: Thread started: portal api 1-51
2020-04-20 18:25:57,210 INFO o.a.j.t.JMeterThread: Thread started: portal api 1-52
2020-04-20 18:25:58,210 INFO o.a.j.t.JMeterThread: Thread started: portal api 1-53
2020-04-20 18:25:59,210 INFO o.a.j.t.JMeterThread: Thread started: portal api 1-54
2020-04-20 18:26:00,209 INFO o.a.j.t.JMeterThread: Thread started: portal api 1-55
2020-04-20 18:26:01,211 INFO o.a.j.t.JMeterThread: Thread started: portal api 1-56
2020-04-20 18:26:02,210 INFO o.a.j.t.JMeterThread: Thread started: portal api 1-57
2020-04-20 18:26:03,211 INFO o.a.j.t.JMeterThread: Thread started: portal api 1-58
2020-04-20 18:26:04,211 INFO o.a.j.t.JMeterThread: Thread started: portal api 1-59
2020-04-20 18:26:05,209 INFO o.a.j.t.JMeterThread: Thread started: portal api 1-60
2020-04-20 18:26:06,209 INFO o.a.j.t.JMeterThread: Thread started: portal api 1-61
2020-04-20 18:26:07,214 INFO o.a.j.t.JMeterThread: Thread started: portal api 1-62
2020-04-20 18:26:08,209 INFO o.a.j.t.JMeterThread: Thread started: portal api 1-63
2020-04-20 18:26:09,210 INFO o.a.j.t.JMeterThread: Thread started: portal api 1-64
2020-04-20 18:26:10,209 INFO o.a.j.t.JMeterThread: Thread started: portal api 1-65
2020-04-20 18:26:11,210 INFO o.a.j.t.JMeterThread: Thread started: portal api 1-66
2020-04-20 18:26:12,210 INFO o.a.j.t.JMeterThread: Thread started: portal api 1-67
2020-04-20 18:26:13,213 INFO o.a.j.t.JMeterThread: Thread started: portal api 1-68
2020-04-20 18:26:14,209 INFO o.a.j.t.JMeterThread: Thread started: portal api 1-69
2020-04-20 18:26:15,210 INFO o.a.j.t.JMeterThread: Thread started: portal api 1-70
2020-04-20 18:26:16,210 INFO o.a.j.t.JMeterThread: Thread started: portal api 1-71
2020-04-20 18:26:17,213 INFO o.a.j.t.JMeterThread: Thread started: portal api 1-72
2020-04-20 18:26:18,234 INFO o.a.j.t.JMeterThread: Thread started: portal api 1-73
2020-04-20 18:26:19,210 INFO o.a.j.t.JMeterThread: Thread started: portal api 1-74
2020-04-20 18:26:20,210 INFO o.a.j.t.JMeterThread: Thread started: portal api 1-75
2020-04-20 18:26:21,210 INFO o.a.j.t.JMeterThread: Thread started: portal api 1-76
2020-04-20 18:26:22,210 INFO o.a.j.t.JMeterThread: Thread started: portal api 1-77
2020-04-20 18:26:23,209 INFO o.a.j.t.JMeterThread: Thread started: portal api 1-78
2020-04-20 18:26:24,213 INFO o.a.j.t.JMeterThread: Thread started: portal api 1-79
2020-04-20 18:26:25,210 INFO o.a.j.t.JMeterThread: Thread started: portal api 1-80
2020-04-20 18:55:05,383 INFO o.a.j.t.JMeterThread: Thread finished: portal api 1-10
2020-04-20 18:55:05,384 INFO o.a.j.t.JMeterThread: Thread finished: portal api 1-12
2020-04-20 18:55:05,386 INFO o.a.j.t.JMeterThread: Thread finished: portal api 1-31
2020-04-20 18:55:05,396 INFO o.a.j.t.JMeterThread: Thread finished: portal api 1-62
2020-04-20 18:55:05,399 INFO o.a.j.t.JMeterThread: Thread finished: portal api 1-13
2020-04-20 18:55:05,412 INFO o.a.j.t.JMeterThread: Thread finished: portal api 1-11
2020-04-20 18:55:05,424 INFO o.a.j.t.JMeterThread: Thread finished: portal api 1-44
2020-04-20 18:55:05,441 INFO o.a.j.t.JMeterThread: Thread finished: portal api 1-80
2020-04-20 18:55:05,454 INFO o.a.j.t.JMeterThread: Thread finished: portal api 1-25
2020-04-20 18:55:05,455 INFO o.a.j.t.JMeterThread: Thread finished: portal api 1-78
2020-04-20 18:55:05,463 INFO o.a.j.t.JMeterThread: Thread finished: portal api 1-2
2020-04-20 18:55:05,468 INFO o.a.j.t.JMeterThread: Thread finished: portal api 1-26
2020-04-20 18:55:05,469 INFO o.a.j.t.JMeterThread: Thread finished: portal api 1-18
2020-04-20 18:55:05,488 INFO o.a.j.t.JMeterThread: Thread finished: portal api 1-42
2020-04-20 18:55:05,493 INFO o.a.j.t.JMeterThread: Thread finished: portal api 1-7
2020-04-20 18:55:05,574 INFO o.a.j.t.JMeterThread: Thread finished: portal api 1-21
2020-04-20 18:55:05,577 INFO o.a.j.t.JMeterThread: Thread finished: portal api 1-1
2020-04-20 18:55:05,577 INFO o.a.j.t.JMeterThread: Thread finished: portal api 1-43
2020-04-20 18:55:05,577 INFO o.a.j.t.JMeterThread: Thread finished: portal api 1-24
2020-04-20 18:55:05,595 INFO o.a.j.t.JMeterThread: Thread finished: portal api 1-15
2020-04-20 18:55:05,599 INFO o.a.j.t.JMeterThread: Thread finished: portal api 1-4
2020-04-20 18:55:05,618 INFO o.a.j.t.JMeterThread: Thread finished: portal api 1-77
2020-04-20 18:55:05,621 INFO o.a.j.t.JMeterThread: Thread finished: portal api 1-51
2020-04-20 18:55:05,643 INFO o.a.j.t.JMeterThread: Thread finished: portal api 1-70
2020-04-20 18:55:05,645 INFO o.a.j.t.JMeterThread: Thread finished: portal api 1-67
2020-04-20 18:55:05,648 INFO o.a.j.t.JMeterThread: Thread finished: portal api 1-37
2020-04-20 18:55:05,657 INFO o.a.j.t.JMeterThread: Thread finished: portal api 1-40
2020-04-20 18:55:05,658 INFO o.a.j.t.JMeterThread: Thread finished: portal api 1-71
2020-04-20 18:55:05,665 INFO o.a.j.t.JMeterThread: Thread finished: portal api 1-16
2020-04-20 18:55:05,676 INFO o.a.j.t.JMeterThread: Thread finished: portal api 1-74
2020-04-20 18:55:05,677 INFO o.a.j.t.JMeterThread: Thread finished: portal api 1-30
2020-04-20 18:55:05,679 INFO o.a.j.t.JMeterThread: Thread finished: portal api 1-72
2020-04-20 18:55:05,700 INFO o.a.j.t.JMeterThread: Thread finished: portal api 1-19
2020-04-20 18:55:05,706 INFO o.a.j.t.JMeterThread: Thread finished: portal api 1-33
2020-04-20 18:55:05,731 INFO o.a.j.t.JMeterThread: Thread finished: portal api 1-68
2020-04-20 18:55:05,776 INFO o.a.j.t.JMeterThread: Thread finished: portal api 1-52
2020-04-20 18:55:05,777 INFO o.a.j.t.JMeterThread: Thread finished: portal api 1-48
2020-04-20 18:55:05,784 INFO o.a.j.t.JMeterThread: Thread finished: portal api 1-20
2020-04-20 18:55:05,790 INFO o.a.j.t.JMeterThread: Thread finished: portal api 1-75
2020-04-20 18:55:05,797 INFO o.a.j.t.JMeterThread: Thread finished: portal api 1-76
2020-04-20 18:55:05,819 INFO o.a.j.t.JMeterThread: Thread finished: portal api 1-50
2020-04-20 18:55:05,830 INFO o.a.j.t.JMeterThread: Thread finished: portal api 1-22
2020-04-20 18:55:05,866 INFO o.a.j.t.JMeterThread: Thread finished: portal api 1-49
2020-04-20 18:55:05,868 INFO o.a.j.t.JMeterThread: Thread finished: portal api 1-27
2020-04-20 18:55:05,885 INFO o.a.j.t.JMeterThread: Thread finished: portal api 1-63
2020-04-20 18:55:05,885 INFO o.a.j.t.JMeterThread: Thread finished: portal api 1-17
2020-04-20 18:55:05,907 INFO o.a.j.t.JMeterThread: Thread finished: portal api 1-32
2020-04-20 18:55:05,908 INFO o.a.j.t.JMeterThread: Thread finished: portal api 1-9
2020-04-20 18:55:05,940 INFO o.a.j.t.JMeterThread: Thread finished: portal api 1-29
2020-04-20 18:55:05,940 INFO o.a.j.t.JMeterThread: Thread finished: portal api 1-61
2020-04-20 18:55:05,941 INFO o.a.j.t.JMeterThread: Thread finished: portal api 1-23
2020-04-20 18:55:05,964 INFO o.a.j.t.JMeterThread: Thread finished: portal api 1-54
2020-04-20 18:55:05,965 INFO o.a.j.t.JMeterThread: Thread finished: portal api 1-47
2020-04-20 18:55:05,985 INFO o.a.j.t.JMeterThread: Thread finished: portal api 1-66
2020-04-20 18:55:05,994 INFO o.a.j.t.JMeterThread: Thread finished: portal api 1-65
2020-04-20 18:55:05,994 INFO o.a.j.t.JMeterThread: Thread finished: portal api 1-58
2020-04-20 18:55:05,995 INFO o.a.j.t.JMeterThread: Thread finished: portal api 1-8
2020-04-20 18:55:06,001 INFO o.a.j.t.JMeterThread: Thread finished: portal api 1-79
2020-04-20 18:55:06,014 INFO o.a.j.t.JMeterThread: Thread finished: portal api 1-28
2020-04-20 18:55:06,027 INFO o.a.j.t.JMeterThread: Thread finished: portal api 1-55
2020-04-20 18:55:06,039 INFO o.a.j.t.JMeterThread: Thread finished: portal api 1-5
2020-04-20 18:55:06,043 INFO o.a.j.t.JMeterThread: Thread finished: portal api 1-41
2020-04-20 18:55:06,059 INFO o.a.j.t.JMeterThread: Thread finished: portal api 1-64
2020-04-20 18:55:06,069 INFO o.a.j.t.JMeterThread: Thread finished: portal api 1-69
2020-04-20 18:55:06,081 INFO o.a.j.t.JMeterThread: Thread finished: portal api 1-57
2020-04-20 18:55:06,087 INFO o.a.j.t.JMeterThread: Thread finished: portal api 1-14
2020-04-20 18:55:06,087 INFO o.a.j.t.JMeterThread: Thread finished: portal api 1-53
2020-04-20 18:55:06,103 INFO o.a.j.t.JMeterThread: Thread finished: portal api 1-45
2020-04-20 18:55:06,123 INFO o.a.j.t.JMeterThread: Thread finished: portal api 1-36
2020-04-20 18:55:06,139 INFO o.a.j.t.JMeterThread: Thread finished: portal api 1-34
2020-04-20 18:55:06,147 INFO o.a.j.t.JMeterThread: Thread finished: portal api 1-56
2020-04-20 18:55:06,156 INFO o.a.j.t.JMeterThread: Thread finished: portal api 1-6
2020-04-20 18:55:06,160 INFO o.a.j.t.JMeterThread: Thread finished: portal api 1-73
2020-04-20 18:55:06,170 INFO o.a.j.t.JMeterThread: Thread finished: portal api 1-38
2020-04-20 18:55:06,191 INFO o.a.j.t.JMeterThread: Thread finished: portal api 1-59
2020-04-20 18:55:06,193 INFO o.a.j.t.JMeterThread: Thread finished: portal api 1-3
2020-04-20 18:55:06,194 INFO o.a.j.t.JMeterThread: Thread finished: portal api 1-46
2020-04-20 18:55:06,199 INFO o.a.j.t.JMeterThread: Thread finished: portal api 1-39
2020-04-20 18:55:06,236 INFO o.a.j.t.JMeterThread: Thread finished: portal api 1-35
2020-04-20 18:55:06,289 INFO o.a.j.t.JMeterThread: Stopping because end time detected by thread: portal api 1-60
2020-04-20 18:55:06,289 INFO o.a.j.t.JMeterThread: Thread finished: portal api 1-60
2020-04-20 18:55:06,289 INFO o.a.j.e.StandardJMeterEngine: Notifying test listeners of end of test
2020-04-20 18:55:06,291 INFO o.a.j.e.StandardJMeterEngine: Forced JVM shutdown requested at end of test
